#
# A fatal error has been detected by the Java Runtime Environment:
#
#  SIGSEGV (0xb) at pc=0x00007fff8d9180dd, pid=7471, tid=1811
#
# JRE version: Java(TM) SE Runtime Environment (8.0_60-b27) (build 1.8.0_60-b27)
# Java VM: Java HotSpot(TM) 64-Bit Server VM (25.60-b23 mixed mode bsd-amd64 compressed oops)
# Problematic frame:
# C  [libobjc.A.dylib+0x10dd]  objc_msgSend+0x1d
#
# Failed to write core dump. Core dumps have been disabled. To enable core dumping, try "ulimit -c unlimited" before starting Java again
#
# If you would like to submit a bug report, please visit:
#   http://bugreport.java.com/bugreport/crash.jsp
# The crash happened outside the Java Virtual Machine in native code.
# See problematic frame for where to report the bug.
#

---------------  T H R E A D  ---------------

Current thread (0x00007fbf3a10a000):  JavaThread "AWT-AppKit" daemon [_thread_in_native, id=1811, stack(0x00007fff502ad000,0x00007fff50aad000)]

siginfo: si_signo: 11 (SIGSEGV), si_code: 1 (SEGV_MAPERR), si_addr: 0x000007fbf3944ee0

Registers:
RAX=0x00007fbf3dbf83e0, RBX=0x000000018c373450, RCX=0x000000012e52d8c0, RDX=0x000000012e52db80
RSP=0x00007fff50aa8088, RBP=0x00007fff50aa8140, RSI=0x00007fff8aaec4c7, RDI=0x00007fbf3de09100
R8 =0x0000000000000000, R9 =0x0000000000000e80, R10=0x00007fff8aaec4c7, R11=0x000007fbf3944ec8
R12=0x0000000000000000, R13=0x000000018e0f2d50, R14=0x000000018c373440, R15=0x00007fbf3a10a000
RIP=0x00007fff8d9180dd, EFLAGS=0x0000000000010202, ERR=0x0000000000000004
  TRAPNO=0x000000000000000e

Top of Stack: (sp=0x00007fff50aa8088)
0x00007fff50aa8088:   000000018c371157 00007fff50aa80e0
0x00007fff50aa8098:   0000000000000003 00007fff50aa80c0
0x00007fff50aa80a8:   000000010f443992 000000018e0f2d50
0x00007fff50aa80b8:   000000018e0f2d50 00007fbf3dbf83e0
0x00007fff50aa80c8:   000000018c3736a0 000000018c373710
0x00007fff50aa80d8:   00007fff781d2550 00007fff7892fbb0
0x00007fff50aa80e8:   000000018c373450 000000018c373690
0x00007fff50aa80f8:   00007fbf3dbf83e0 00007fbf3de09100
0x00007fff50aa8108:   00007fbf3975aa40 00007fbf3dbf83e0
0x00007fff50aa8118:   00007fbf3de09100 00007fff50aa81c8
0x00007fff50aa8128:   00007fbf3a10a1f8 000000018e0f2d50
0x00007fff50aa8138:   00007fff50aa81f0 00007fff50aa81b8
0x00007fff50aa8148:   0000000110c15954 000000018e0f2d50
0x00007fff50aa8158:   00007fff50aa81f0 00007fff50aa81b8
0x00007fff50aa8168:   0000000110c156e7 0000000110c156a2
0x00007fff50aa8178:   00007fff50aa8178 000000018e0f2d50
0x00007fff50aa8188:   00007fff50aa81f0 000000018e0f5988
0x00007fff50aa8198:   0000000000000000 000000018e0f2d50
0x00007fff50aa81a8:   0000000000000000 00007fff50aa81d8
0x00007fff50aa81b8:   00007fff50aa8238 0000000110c07c4d
0x00007fff50aa81c8:   00000007978c93a8 0000000110c0f578
0x00007fff50aa81d8:   00007fbf3dbf83e0 00007fff50aa8238
0x00007fff50aa81e8:   00007fbf3de09100 0000000110c10d82
0x00007fff50aa81f8:   00007fff50aa81f8 000000018e0f2f1a
0x00007fff50aa8208:   00007fff50aa8260 000000018e0f5988
0x00007fff50aa8218:   0000000000000000 000000018e0f2f28
0x00007fff50aa8228:   00007fff50aa81d8 00007fff50aa8248
0x00007fff50aa8238:   00007fff50aa82a8 0000000110c07c4d
0x00007fff50aa8248:   00007fbf3dbf83e0 000000079763bd18
0x00007fff50aa8258:   00007fbf3de09100 000000079763bd18
0x00007fff50aa8268:   00007fff50aa8268 00000001955792be
0x00007fff50aa8278:   00007fff50aa82b8 0000000195579378 

Instructions: (pc=0x00007fff8d9180dd)
0x00007fff8d9180bd:   00 00 00 48 85 ff 2e 74 7a 40 f6 c7 01 2e 75 7e
0x00007fff8d9180cd:   49 bb f8 ff ff ff ff 7f 00 00 4c 23 1f 49 89 f2
0x00007fff8d9180dd:   45 23 53 18 49 c1 e2 04 4d 03 53 10 49 3b 32 75
0x00007fff8d9180ed:   04 41 ff 62 08 49 83 3a 00 74 6a 4d 3b 53 10 74 

Register to memory mapping:

RAX=0x00007fbf3dbf83e0 is an unknown value
RBX=0x000000018c373450: Java_jogamp_nativewindow_macosx_OSXUtil_GetScreenRefreshRate0+0x1cf0 in /private/var/folders/js/4p6c06092h52zfnndxrfpw5h0000gn/T/jogamp_0000/file_cache/jln8151387904093320961/jln5391410221320395233/libnativewindow_macosx.jnilib at 0x000000018c36c000
RCX=0x000000012e52d8c0 is an unknown value
RDX=0x000000012e52db80 is an unknown value
RSP=0x00007fff50aa8088 is pointing into the stack for thread: 0x00007fbf3a10a000
RBP=0x00007fff50aa8140 is pointing into the stack for thread: 0x00007fbf3a10a000
RSI=0x00007fff8aaec4c7 is an unknown value
RDI=0x00007fbf3de09100 is an unknown value
R8 =0x0000000000000000 is an unknown value
R9 =0x0000000000000e80 is an unknown value
R10=0x00007fff8aaec4c7 is an unknown value
R11=0x000007fbf3944ec8 is an unknown value
R12=0x0000000000000000 is an unknown value
R13={method} {0x000000018e0f2d50} 'UnsetJAWTRootSurfaceLayer0' '(JJ)V' in 'jogamp/nativewindow/jawt/macosx/MacOSXJAWTWindow'
R14=0x000000018c373440: Java_jogamp_nativewindow_macosx_OSXUtil_GetScreenRefreshRate0+0x1ce0 in /private/var/folders/js/4p6c06092h52zfnndxrfpw5h0000gn/T/jogamp_0000/file_cache/jln8151387904093320961/jln5391410221320395233/libnativewindow_macosx.jnilib at 0x000000018c36c000
R15=0x00007fbf3a10a000 is a thread


Stack: [0x00007fff502ad000,0x00007fff50aad000],  sp=0x00007fff50aa8088,  free space=8172k
Native frames: (J=compiled Java code, j=interpreted, Vv=VM code, C=native code)
C  [libobjc.A.dylib+0x10dd]  objc_msgSend+0x1d
j  jogamp.nativewindow.jawt.macosx.MacOSXJAWTWindow.UnsetJAWTRootSurfaceLayer0(JJ)V+0
j  jogamp.nativewindow.jawt.macosx.MacOSXJAWTWindow.access$200(JJ)V+2
j  jogamp.nativewindow.jawt.macosx.MacOSXJAWTWindow$1.run()V+38
J 2171 C1 com.jogamp.common.util.RunnableTask.run()V (345 bytes) @ 0x00000001113452d4 [0x0000000111345140+0x194]
v  ~StubRoutines::call_stub
V  [libjvm.dylib+0x2eab0e]  JavaCalls::call_helper(JavaValue*, methodHandle*, JavaCallArguments*, Thread*)+0x6ae
V  [libjvm.dylib+0x321bb7]  jni_invoke_nonstatic(JNIEnv_*, JavaValue*, _jobject*, JNICallType, _jmethodID*, JNI_ArgumentPusher*, Thread*)+0x2ec
V  [libjvm.dylib+0x31438b]  jni_CallVoidMethod+0x16b
C  [libnativewindow_macosx.jnilib+0x5326]  Java_jogamp_nativewindow_jawt_macosx_MacOSXJAWTWindow_UnsetJAWTRootSurfaceLayer0+0x2b6
C  [Foundation+0x65f4c]  __NSThreadPerformPerform+0x125
C  [CoreFoundation+0x80661]  __CFRUNLOOP_IS_CALLING_OUT_TO_A_SOURCE0_PERFORM_FUNCTION__+0x11
C  [CoreFoundation+0x728bc]  __CFRunLoopDoSources0+0x1dc
C  [CoreFoundation+0x71e1f]  __CFRunLoopRun+0x39f
C  [CoreFoundation+0x71838]  CFRunLoopRunSpecific+0x128
C  [HIToolbox+0x2e43f]  RunCurrentEventLoopInMode+0xeb
C  [HIToolbox+0x2e0be]  ReceiveNextEventCommon+0xb3
C  [HIToolbox+0x2dffb]  _BlockUntilNextEventMatchingListInModeWithFilter+0x47
C  [AppKit+0x246d1]  _DPSNextEvent+0x3c4
C  [AppKit+0x23e80]  -[NSApplication nextEventMatchingMask:untilDate:inMode:dequeue:]+0xc2
C  [libosxapp.dylib+0x23aa]  -[NSApplicationAWT nextEventMatchingMask:untilDate:inMode:dequeue:]+0x7c
C  [AppKit+0x17e23]  -[NSApplication run]+0x252
C  [libosxapp.dylib+0x214d]  +[NSApplicationAWT runAWTLoopWithApp:]+0x9c
C  [libawt_lwawt.dylib+0x44517]  -[AWTStarter starter:]+0x389
C  [Foundation+0x65f4c]  __NSThreadPerformPerform+0x125
C  [CoreFoundation+0x80661]  __CFRUNLOOP_IS_CALLING_OUT_TO_A_SOURCE0_PERFORM_FUNCTION__+0x11
C  [CoreFoundation+0x727ed]  __CFRunLoopDoSources0+0x10d
C  [CoreFoundation+0x71e1f]  __CFRunLoopRun+0x39f
C  [CoreFoundation+0x71838]  CFRunLoopRunSpecific+0x128
C  [java+0x6463]  CreateExecutionEnvironment+0x367
C  [java+0x21ac]  JLI_Launch+0x7a0
C  [java+0x84c0]  main+0x65
C  [java+0x1a04]  start+0x34
C  0x0000000000000007

Java frames: (J=compiled Java code, j=interpreted, Vv=VM code)
j  jogamp.nativewindow.jawt.macosx.MacOSXJAWTWindow.UnsetJAWTRootSurfaceLayer0(JJ)V+0
j  jogamp.nativewindow.jawt.macosx.MacOSXJAWTWindow.access$200(JJ)V+2
j  jogamp.nativewindow.jawt.macosx.MacOSXJAWTWindow$1.run()V+38
J 2171 C1 com.jogamp.common.util.RunnableTask.run()V (345 bytes) @ 0x00000001113452d4 [0x0000000111345140+0x194]
v  ~StubRoutines::call_stub

---------------  P R O C E S S  ---------------

Java Threads: ( => current thread )
  0x00007fbf3a347800 JavaThread "Thread-19" [_thread_blocked, id=12171, stack(0x0000000190840000,0x0000000190940000)]
  0x00007fbf3e810800 JavaThread "Image Fetcher 2" daemon [_thread_blocked, id=70687, stack(0x00000001948fc000,0x00000001949fc000)]
  0x00007fbf3a3ff000 JavaThread "Image Fetcher 1" daemon [_thread_blocked, id=69891, stack(0x0000000194387000,0x0000000194487000)]
  0x00007fbf3f05c000 JavaThread "Image Fetcher 0" daemon [_thread_blocked, id=69639, stack(0x0000000194284000,0x0000000194384000)]
  0x00007fbf3abe4800 JavaThread "Keep-Alive-Timer" daemon [_thread_blocked, id=68963, stack(0x0000000193dd7000,0x0000000193ed7000)]
  0x00007fbf3b3c6800 JavaThread "AWT-EventQueue-1" [_thread_in_native, id=62219, stack(0x000000018cabd000,0x000000018cbbd000)]
  0x00007fbf3b3b4800 JavaThread "DestroyJavaVM" [_thread_blocked, id=3331, stack(0x00000001101dc000,0x00000001102dc000)]
  0x00007fbf39a0a000 JavaThread "AWT-EventQueue-0" [_thread_blocked, id=57859, stack(0x000000012e5ba000,0x000000012e6ba000)]
  0x00007fbf3b1ab000 JavaThread "Java2D Disposer" daemon [_thread_blocked, id=53259, stack(0x000000012d336000,0x000000012d436000)]
  0x00007fbf3b195800 JavaThread "Java2D Queue Flusher" daemon [_thread_blocked, id=51475, stack(0x000000012c9a8000,0x000000012caa8000)]
  0x00007fbf3b14c000 JavaThread "AWT-Shutdown" [_thread_blocked, id=27923, stack(0x000000012a047000,0x000000012a147000)]
=>0x00007fbf3a10a000 JavaThread "AWT-AppKit" daemon [_thread_in_native, id=1811, stack(0x00007fff502ad000,0x00007fff50aad000)]
  0x00007fbf3a801000 JavaThread "Service Thread" daemon [_thread_blocked, id=17923, stack(0x0000000128799000,0x0000000128899000)]
  0x00007fbf3b070800 JavaThread "C1 CompilerThread2" daemon [_thread_blocked, id=17411, stack(0x0000000128696000,0x0000000128796000)]
  0x00007fbf3b002800 JavaThread "C2 CompilerThread1" daemon [_thread_blocked, id=16899, stack(0x0000000128593000,0x0000000128693000)]
  0x00007fbf3a03e000 JavaThread "C2 CompilerThread0" daemon [_thread_blocked, id=16387, stack(0x0000000128490000,0x0000000128590000)]
  0x00007fbf3a030000 JavaThread "Signal Dispatcher" daemon [_thread_blocked, id=12559, stack(0x000000012838d000,0x000000012848d000)]
  0x00007fbf3a01f000 JavaThread "Finalizer" daemon [_thread_blocked, id=11523, stack(0x0000000126aca000,0x0000000126bca000)]
  0x00007fbf3a01e800 JavaThread "Reference Handler" daemon [_thread_blocked, id=11011, stack(0x00000001269c7000,0x0000000126ac7000)]

Other Threads:
  0x00007fbf3a01b800 VMThread [stack: 0x00000001268c4000,0x00000001269c4000] [id=10499]
  0x00007fbf39821000 WatcherThread [stack: 0x000000012889c000,0x000000012899c000] [id=18435]

VM state:not at safepoint (normal execution)

VM Mutex/Monitor currently owned by a thread: None

Heap:
 PSYoungGen      total 38400K, used 9497K [0x0000000795580000, 0x0000000798000000, 0x00000007c0000000)
  eden space 33280K, 13% used [0x0000000795580000,0x00000007959c9ce0,0x0000000797600000)
  from space 5120K, 99% used [0x0000000797600000,0x0000000797afcb00,0x0000000797b00000)
  to   space 5120K, 0% used [0x0000000797b00000,0x0000000797b00000,0x0000000798000000)
 ParOldGen       total 87552K, used 12072K [0x0000000740000000, 0x0000000745580000, 0x0000000795580000)
  object space 87552K, 13% used [0x0000000740000000,0x0000000740bca1d8,0x0000000745580000)
 Metaspace       used 20672K, capacity 20875K, committed 21120K, reserved 1069056K
  class space    used 2030K, capacity 2110K, committed 2176K, reserved 1048576K

Card table byte_map: [0x000000011ffc0000,0x00000001203c1000] byte_map_base: 0x000000011c5c0000

Marking Bits: (ParMarkBitMap*) 0x000000010fb30e20
 Begin Bits: [0x0000000120a78000, 0x0000000122a78000)
 End Bits:   [0x0000000122a78000, 0x0000000124a78000)

Polling page: 0x0000000110321000

CodeCache: size=245760Kb used=8050Kb max_used=8050Kb free=237709Kb
 bounds [0x0000000110c00000, 0x00000001113f0000, 0x000000011fc00000]
 total_blobs=3087 nmethods=2198 adapters=802
 compilation: enabled

Compilation events (10 events):
Event: 16.613 Thread 0x00007fbf3b070800 2350   !   3       sun.lwawt.LWComponentPeer::isShowing (49 bytes)
Event: 16.614 Thread 0x00007fbf3b070800 nmethod 2350 0x00000001113db2d0 code [0x00000001113db480, 0x00000001113dbd68]
Event: 16.615 Thread 0x00007fbf3b070800 2351       1       sun.java2d.SurfaceData::isValid (5 bytes)
Event: 16.615 Thread 0x00007fbf3b070800 nmethod 2351 0x00000001113db010 code [0x00000001113db160, 0x00000001113db270]
Event: 16.615 Thread 0x00007fbf3a03e000 2352  s    4       sun.misc.URLClassPath::getNextLoader (88 bytes)
Event: 16.621 Thread 0x00007fbf3a03e000 nmethod 2352 0x00000001113d5d10 code [0x00000001113d5e80, 0x00000001113d65f8]
Event: 16.622 Thread 0x00007fbf3b070800 2353   !   3       sun.misc.URLClassPath$JarLoader::getResource (349 bytes)
Event: 16.625 Thread 0x00007fbf3b070800 nmethod 2353 0x00000001113e5390 code [0x00000001113e5800, 0x00000001113e7d58]
Event: 16.625 Thread 0x00007fbf3b070800 2354       3       sun.misc.JarIndex::get (49 bytes)
Event: 16.626 Thread 0x00007fbf3b070800 nmethod 2354 0x00000001113d7290 code [0x00000001113d7460, 0x00000001113d7cd8]

GC Heap History (6 events):
Event: 9.381 GC heap before
{Heap before GC invocations=1 (full 0):
 PSYoungGen      total 38400K, used 33280K [0x0000000795580000, 0x0000000798000000, 0x00000007c0000000)
  eden space 33280K, 100% used [0x0000000795580000,0x0000000797600000,0x0000000797600000)
  from space 5120K, 0% used [0x0000000797b00000,0x0000000797b00000,0x0000000798000000)
  to   space 5120K, 0% used [0x0000000797600000,0x0000000797600000,0x0000000797b00000)
 ParOldGen       total 87552K, used 0K [0x0000000740000000, 0x0000000745580000, 0x0000000795580000)
  object space 87552K, 0% used [0x0000000740000000,0x0000000740000000,0x0000000745580000)
 Metaspace       used 15609K, capacity 15797K, committed 16000K, reserved 1062912K
  class space    used 1581K, capacity 1659K, committed 1664K, reserved 1048576K
Event: 9.387 GC heap after
Heap after GC invocations=1 (full 0):
 PSYoungGen      total 38400K, used 4919K [0x0000000795580000, 0x0000000798000000, 0x00000007c0000000)
  eden space 33280K, 0% used [0x0000000795580000,0x0000000795580000,0x0000000797600000)
  from space 5120K, 96% used [0x0000000797600000,0x0000000797acdc38,0x0000000797b00000)
  to   space 5120K, 0% used [0x0000000797b00000,0x0000000797b00000,0x0000000798000000)
 ParOldGen       total 87552K, used 8K [0x0000000740000000, 0x0000000745580000, 0x0000000795580000)
  object space 87552K, 0% used [0x0000000740000000,0x0000000740002000,0x0000000745580000)
 Metaspace       used 15609K, capacity 15797K, committed 16000K, reserved 1062912K
  class space    used 1581K, capacity 1659K, committed 1664K, reserved 1048576K
}
Event: 11.359 GC heap before
{Heap before GC invocations=2 (full 0):
 PSYoungGen      total 38400K, used 38047K [0x0000000795580000, 0x0000000798000000, 0x00000007c0000000)
  eden space 33280K, 99% used [0x0000000795580000,0x00000007975da0e0,0x0000000797600000)
  from space 5120K, 96% used [0x0000000797600000,0x0000000797acdc38,0x0000000797b00000)
  to   space 5120K, 0% used [0x0000000797b00000,0x0000000797b00000,0x0000000798000000)
 ParOldGen       total 87552K, used 8K [0x0000000740000000, 0x0000000745580000, 0x0000000795580000)
  object space 87552K, 0% used [0x0000000740000000,0x0000000740002000,0x0000000745580000)
 Metaspace       used 20018K, capacity 20283K, committed 20608K, reserved 1067008K
  class space    used 2018K, capacity 2108K, committed 2176K, reserved 1048576K
Event: 11.370 GC heap after
Heap after GC invocations=2 (full 0):
 PSYoungGen      total 38400K, used 5106K [0x0000000795580000, 0x0000000798000000, 0x00000007c0000000)
  eden space 33280K, 0% used [0x0000000795580000,0x0000000795580000,0x0000000797600000)
  from space 5120K, 99% used [0x0000000797b00000,0x0000000797ffcaf0,0x0000000798000000)
  to   space 5120K, 0% used [0x0000000797600000,0x0000000797600000,0x0000000797b00000)
 ParOldGen       total 87552K, used 9456K [0x0000000740000000, 0x0000000745580000, 0x0000000795580000)
  object space 87552K, 10% used [0x0000000740000000,0x000000074093c148,0x0000000745580000)
 Metaspace       used 20018K, capacity 20283K, committed 20608K, reserved 1067008K
  class space    used 2018K, capacity 2108K, committed 2176K, reserved 1048576K
}
Event: 16.203 GC heap before
{Heap before GC invocations=3 (full 0):
 PSYoungGen      total 38400K, used 38386K [0x0000000795580000, 0x0000000798000000, 0x00000007c0000000)
  eden space 33280K, 100% used [0x0000000795580000,0x0000000797600000,0x0000000797600000)
  from space 5120K, 99% used [0x0000000797b00000,0x0000000797ffcaf0,0x0000000798000000)
  to   space 5120K, 0% used [0x0000000797600000,0x0000000797600000,0x0000000797b00000)
 ParOldGen       total 87552K, used 9456K [0x0000000740000000, 0x0000000745580000, 0x0000000795580000)
  object space 87552K, 10% used [0x0000000740000000,0x000000074093c148,0x0000000745580000)
 Metaspace       used 20622K, capacity 20811K, committed 21120K, reserved 1069056K
  class space    used 2022K, capacity 2110K, committed 2176K, reserved 1048576K
Event: 16.208 GC heap after
Heap after GC invocations=3 (full 0):
 PSYoungGen      total 38400K, used 5106K [0x0000000795580000, 0x0000000798000000, 0x00000007c0000000)
  eden space 33280K, 0% used [0x0000000795580000,0x0000000795580000,0x0000000797600000)
  from space 5120K, 99% used [0x0000000797600000,0x0000000797afcb00,0x0000000797b00000)
  to   space 5120K, 0% used [0x0000000797b00000,0x0000000797b00000,0x0000000798000000)
 ParOldGen       total 87552K, used 12072K [0x0000000740000000, 0x0000000745580000, 0x0000000795580000)
  object space 87552K, 13% used [0x0000000740000000,0x0000000740bca1d8,0x0000000745580000)
 Metaspace       used 20622K, capacity 20811K, committed 21120K, reserved 1069056K
  class space    used 2022K, capacity 2110K, committed 2176K, reserved 1048576K
}

Deoptimization events (10 events):
Event: 8.371 Thread 0x00007fbf3b3af000 Uncommon trap: reason=unstable_if action=reinterpret pc=0x0000000110dd5ac0 method=java.lang.String.toLowerCase(Ljava/util/Locale;)Ljava/lang/String; @ 85
Event: 8.870 Thread 0x00007fbf3a989000 Uncommon trap: reason=unstable_if action=reinterpret pc=0x0000000110e6f4d4 method=java.lang.String.lastIndexOf([CII[CIII)I @ 66
Event: 8.942 Thread 0x00007fbf3a989000 Uncommon trap: reason=unstable_if action=reinterpret pc=0x0000000110e539a8 method=java.lang.String.indexOf([CII[CIII)I @ 3
Event: 8.942 Thread 0x00007fbf3a989000 Uncommon trap: reason=unstable_if action=reinterpret pc=0x0000000110dc1f18 method=java.lang.String.indexOf([CII[CIII)I @ 3
Event: 10.270 Thread 0x00007fbf3b3c6800 Uncommon trap: reason=unstable_if action=reinterpret pc=0x0000000110dae06c method=java.lang.AbstractStringBuilder.append(Ljava/lang/String;)Ljava/lang/AbstractStringBuilder; @ 1
Event: 10.657 Thread 0x00007fbf3b3c6800 Uncommon trap: reason=unstable_if action=reinterpret pc=0x0000000110fdf750 method=com.sun.org.apache.xerces.internal.impl.XMLEntityScanner.skipSpaces()Z @ 14
Event: 16.580 Thread 0x00007fbf3b3c6800 Uncommon trap: reason=unstable_if action=reinterpret pc=0x00000001110cc5e8 method=com.jogamp.common.util.VersionNumber.compareTo(Lcom/jogamp/common/util/VersionNumber;)I @ 21
Event: 16.583 Thread 0x00007fbf39a0a000 Uncommon trap: reason=unstable_if action=reinterpret pc=0x00000001112cba04 method=java.awt.font.FontRenderContext.equals(Ljava/awt/font/FontRenderContext;)Z @ 2
Event: 16.612 Thread 0x00007fbf3b187000 Uncommon trap: reason=unstable_if action=reinterpret pc=0x00000001110ec9fc method=java.util.HashMap.putVal(ILjava/lang/Object;Ljava/lang/Object;ZZ)Ljava/lang/Object; @ 81
Event: 16.612 Thread 0x00007fbf3b187000 Uncommon trap: reason=unstable_if action=reinterpret pc=0x00000001111fed40 method=java.util.HashMap.putVal(ILjava/lang/Object;Ljava/lang/Object;ZZ)Ljava/lang/Object; @ 81

Internal exceptions (10 events):
Event: 0.389 Thread 0x00007fbf3a008800 Exception <a 'java/lang/NoSuchFieldError': method resolution failed> (0x0000000795879e28) thrown at [/Users/java_re/workspace/8-2-build-macosx-x86_64/jdk8u60/4407/hotspot/src/share/vm/prims/methodHandles.cpp, line 1146]
Event: 0.392 Thread 0x00007fbf3a008800 Exception <a 'java/lang/NoSuchFieldError': method resolution failed> (0x00000007958875f8) thrown at [/Users/java_re/workspace/8-2-build-macosx-x86_64/jdk8u60/4407/hotspot/src/share/vm/prims/methodHandles.cpp, line 1146]
Event: 1.110 Thread 0x00007fbf3a008800 Exception <a 'java/io/FileNotFoundException'> (0x0000000795904dc0) thrown at [/Users/java_re/workspace/8-2-build-macosx-x86_64/jdk8u60/4407/hotspot/src/share/vm/prims/jni.cpp, line 709]
Event: 1.110 Thread 0x00007fbf3a008800 Exception <a 'java/io/FileNotFoundException'> (0x0000000795905968) thrown at [/Users/java_re/workspace/8-2-build-macosx-x86_64/jdk8u60/4407/hotspot/src/share/vm/prims/jni.cpp, line 709]
Event: 1.941 Thread 0x00007fbf3a008800 Exception <a 'java/io/FileNotFoundException'> (0x0000000795a462d8) thrown at [/Users/java_re/workspace/8-2-build-macosx-x86_64/jdk8u60/4407/hotspot/src/share/vm/prims/jni.cpp, line 709]
Event: 9.009 Thread 0x00007fbf3a989000 Exception <a 'java/lang/UnsatisfiedLinkError': com.jogamp.common.util.JarUtil.fixNativeLibAttribs(Ljava/lang/String;)Z> (0x0000000796c36310) thrown at [/Users/java_re/workspace/8-2-build-macosx-x86_64/jdk8u60/4407/hotspot/src/share/vm/prims/nativeLookup.c
Event: 9.392 Thread 0x00007fbf3a01f000 Exception <a 'java/lang/NullPointerException'> (0x00000007956a4880) thrown at [/Users/java_re/workspace/8-2-build-macosx-x86_64/jdk8u60/4407/hotspot/src/share/vm/interpreter/linkResolver.cpp, line 1178]
Event: 10.270 Thread 0x00007fbf3b3c6800 Exception <a 'java/io/FileNotFoundException'> (0x00000007960fe968) thrown at [/Users/java_re/workspace/8-2-build-macosx-x86_64/jdk8u60/4407/hotspot/src/share/vm/prims/jni.cpp, line 709]
Event: 10.270 Thread 0x00007fbf3b3c6800 Exception <a 'java/io/FileNotFoundException'> (0x00000007961065a0) thrown at [/Users/java_re/workspace/8-2-build-macosx-x86_64/jdk8u60/4407/hotspot/src/share/vm/prims/jni.cpp, line 709]
Event: 10.270 Thread 0x00007fbf3b3c6800 Implicit null exception at 0x0000000110dadcf5 to 0x0000000110dae059

Events (10 events):
Event: 16.625 loading class java/awt/LightweightDispatcher$2 done
Event: 16.625 loading class java/awt/event/AWTEventListenerProxy
Event: 16.625 loading class java/awt/event/AWTEventListenerProxy done
Event: 16.625 loading class java/awt/Toolkit$ToolkitEventMulticaster
Event: 16.625 loading class java/awt/Toolkit$ToolkitEventMulticaster done
Event: 16.626 Executing VM operation: RevokeBias
Event: 16.626 Executing VM operation: RevokeBias done
Event: 16.626 Thread 0x00007fbf3b187000 Thread exited: 0x00007fbf3b187000
Event: 16.626 loading class java/awt/Window$1DisposeAction
Event: 16.626 loading class java/awt/Window$1DisposeAction done


Dynamic libraries:
0x0000000007e50000 	/System/Library/Frameworks/Cocoa.framework/Versions/A/Cocoa
0x0000000007e50000 	/System/Library/Frameworks/Security.framework/Versions/A/Security
0x0000000007e50000 	/System/Library/Frameworks/ApplicationServices.framework/Versions/A/ApplicationServices
0x0000000007e50000 	/usr/lib/libz.1.dylib
0x0000000007e50000 	/usr/lib/libSystem.B.dylib
0x0000000007e50000 	/usr/lib/libobjc.A.dylib
0x0000000007e50000 	/System/Library/Frameworks/CoreFoundation.framework/Versions/A/CoreFoundation
0x0000000007e50000 	/System/Library/Frameworks/Foundation.framework/Versions/C/Foundation
0x0000000007e50000 	/System/Library/Frameworks/AppKit.framework/Versions/C/AppKit
0x0000000007e50000 	/System/Library/Frameworks/CoreData.framework/Versions/A/CoreData
0x0000000007e50000 	/System/Library/PrivateFrameworks/RemoteViewServices.framework/Versions/A/RemoteViewServices
0x0000000007e50000 	/System/Library/PrivateFrameworks/UIFoundation.framework/Versions/A/UIFoundation
0x0000000007e50000 	/System/Library/Frameworks/IOSurface.framework/Versions/A/IOSurface
0x0000000007e50000 	/System/Library/Frameworks/AudioToolbox.framework/Versions/A/AudioToolbox
0x0000000007e50000 	/System/Library/Frameworks/AudioUnit.framework/Versions/A/AudioUnit
0x0000000007e50000 	/System/Library/PrivateFrameworks/DataDetectorsCore.framework/Versions/A/DataDetectorsCore
0x0000000007e50000 	/System/Library/PrivateFrameworks/DesktopServicesPriv.framework/Versions/A/DesktopServicesPriv
0x0000000007e50000 	/System/Library/Frameworks/Carbon.framework/Versions/A/Frameworks/HIToolbox.framework/Versions/A/HIToolbox
0x0000000007e50000 	/System/Library/Frameworks/QuartzCore.framework/Versions/A/QuartzCore
0x0000000007e50000 	/System/Library/Frameworks/Carbon.framework/Versions/A/Frameworks/SpeechRecognition.framework/Versions/A/SpeechRecognition
0x0000000007e50000 	/usr/lib/libauto.dylib
0x0000000007e50000 	/usr/lib/libicucore.A.dylib
0x0000000007e50000 	/usr/lib/libxml2.2.dylib
0x0000000007e50000 	/System/Library/PrivateFrameworks/CoreUI.framework/Versions/A/CoreUI
0x0000000007e50000 	/System/Library/Frameworks/CoreAudio.framework/Versions/A/CoreAudio
0x0000000007e50000 	/System/Library/Frameworks/DiskArbitration.framework/Versions/A/DiskArbitration
0x0000000007e50000 	/usr/lib/liblangid.dylib
0x0000000007e50000 	/System/Library/PrivateFrameworks/MultitouchSupport.framework/Versions/A/MultitouchSupport
0x0000000007e50000 	/System/Library/Frameworks/IOKit.framework/Versions/A/IOKit
0x0000000007e50000 	/usr/lib/libDiagnosticMessagesClient.dylib
0x0000000007e50000 	/System/Library/Frameworks/CoreServices.framework/Versions/A/CoreServices
0x0000000007e50000 	/System/Library/PrivateFrameworks/PerformanceAnalysis.framework/Versions/A/PerformanceAnalysis
0x0000000007e50000 	/System/Library/PrivateFrameworks/GenerationalStorage.framework/Versions/A/GenerationalStorage
0x0000000007e50000 	/System/Library/Frameworks/OpenGL.framework/Versions/A/OpenGL
0x0000000007e50000 	/System/Library/PrivateFrameworks/Sharing.framework/Versions/A/Sharing
0x0000000007e50000 	/System/Library/Frameworks/CoreGraphics.framework/Versions/A/CoreGraphics
0x0000000007e50000 	/System/Library/Frameworks/CoreText.framework/Versions/A/CoreText
0x0000000007e50000 	/System/Library/Frameworks/ImageIO.framework/Versions/A/ImageIO
0x0000000007e50000 	/usr/lib/libextension.dylib
0x0000000007e50000 	/System/Library/PrivateFrameworks/Backup.framework/Versions/A/Backup
0x0000000007e50000 	/usr/lib/libarchive.2.dylib
0x0000000007e50000 	/System/Library/Frameworks/CFNetwork.framework/Versions/A/CFNetwork
0x0000000007e50000 	/System/Library/Frameworks/SystemConfiguration.framework/Versions/A/SystemConfiguration
0x0000000007e50000 	/usr/lib/libCRFSuite.dylib
0x0000000007e50000 	/usr/lib/libc++.1.dylib
0x0000000007e50000 	/usr/lib/libc++abi.dylib
0x0000000007e50000 	/usr/lib/system/libcache.dylib
0x0000000007e50000 	/usr/lib/system/libcommonCrypto.dylib
0x0000000007e50000 	/usr/lib/system/libcompiler_rt.dylib
0x0000000007e50000 	/usr/lib/system/libcopyfile.dylib
0x0000000007e50000 	/usr/lib/system/libcorecrypto.dylib
0x0000000007e50000 	/usr/lib/system/libdispatch.dylib
0x0000000007e50000 	/usr/lib/system/libdyld.dylib
0x0000000007e50000 	/usr/lib/system/libkeymgr.dylib
0x0000000007e50000 	/usr/lib/system/liblaunch.dylib
0x0000000007e50000 	/usr/lib/system/libmacho.dylib
0x0000000007e50000 	/usr/lib/system/libquarantine.dylib
0x0000000007e50000 	/usr/lib/system/libremovefile.dylib
0x0000000007e50000 	/usr/lib/system/libsystem_asl.dylib
0x0000000007e50000 	/usr/lib/system/libsystem_blocks.dylib
0x0000000007e50000 	/usr/lib/system/libsystem_c.dylib
0x0000000007e50000 	/usr/lib/system/libsystem_configuration.dylib
0x0000000007e50000 	/usr/lib/system/libsystem_coreservices.dylib
0x0000000007e50000 	/usr/lib/system/libsystem_coretls.dylib
0x0000000007e50000 	/usr/lib/system/libsystem_dnssd.dylib
0x0000000007e50000 	/usr/lib/system/libsystem_info.dylib
0x0000000007e50000 	/usr/lib/system/libsystem_kernel.dylib
0x0000000007e50000 	/usr/lib/system/libsystem_m.dylib
0x0000000007e50000 	/usr/lib/system/libsystem_malloc.dylib
0x0000000007e50000 	/usr/lib/system/libsystem_network.dylib
0x0000000007e50000 	/usr/lib/system/libsystem_networkextension.dylib
0x0000000007e50000 	/usr/lib/system/libsystem_notify.dylib
0x0000000007e50000 	/usr/lib/system/libsystem_platform.dylib
0x0000000007e50000 	/usr/lib/system/libsystem_pthread.dylib
0x0000000007e50000 	/usr/lib/system/libsystem_sandbox.dylib
0x0000000007e50000 	/usr/lib/system/libsystem_secinit.dylib
0x0000000007e50000 	/usr/lib/system/libsystem_stats.dylib
0x0000000007e50000 	/usr/lib/system/libsystem_trace.dylib
0x0000000007e50000 	/usr/lib/system/libunc.dylib
0x0000000007e50000 	/usr/lib/system/libunwind.dylib
0x0000000007e50000 	/usr/lib/system/libxpc.dylib
0x0000000007e50000 	/usr/lib/libbz2.1.0.dylib
0x0000000007e50000 	/usr/lib/liblzma.5.dylib
0x0000000007e50000 	/usr/lib/libbsm.0.dylib
0x0000000007e50000 	/usr/lib/libsqlite3.dylib
0x0000000007e50000 	/usr/lib/system/libkxld.dylib
0x0000000007e50000 	/usr/lib/libxar.1.dylib
0x0000000007e50000 	/usr/lib/libpam.2.dylib
0x0000000007e50000 	/usr/lib/libOpenScriptingUtil.dylib
0x0000000007e50000 	/System/Library/Frameworks/CoreServices.framework/Versions/A/Frameworks/FSEvents.framework/Versions/A/FSEvents
0x0000000007e50000 	/System/Library/Frameworks/CoreServices.framework/Versions/A/Frameworks/CarbonCore.framework/Versions/A/CarbonCore
0x0000000007e50000 	/System/Library/Frameworks/CoreServices.framework/Versions/A/Frameworks/Metadata.framework/Versions/A/Metadata
0x0000000007e50000 	/System/Library/Frameworks/CoreServices.framework/Versions/A/Frameworks/OSServices.framework/Versions/A/OSServices
0x0000000007e50000 	/System/Library/Frameworks/CoreServices.framework/Versions/A/Frameworks/SearchKit.framework/Versions/A/SearchKit
0x0000000007e50000 	/System/Library/Frameworks/CoreServices.framework/Versions/A/Frameworks/AE.framework/Versions/A/AE
0x0000000007e50000 	/System/Library/Frameworks/CoreServices.framework/Versions/A/Frameworks/LaunchServices.framework/Versions/A/LaunchServices
0x0000000007e50000 	/System/Library/Frameworks/CoreServices.framework/Versions/A/Frameworks/DictionaryServices.framework/Versions/A/DictionaryServices
0x0000000007e50000 	/System/Library/Frameworks/NetFS.framework/Versions/A/NetFS
0x0000000007e50000 	/System/Library/PrivateFrameworks/NetAuth.framework/Versions/A/NetAuth
0x0000000007e50000 	/System/Library/PrivateFrameworks/login.framework/Versions/A/Frameworks/loginsupport.framework/Versions/A/loginsupport
0x0000000007e50000 	/System/Library/PrivateFrameworks/TCC.framework/Versions/A/TCC
0x0000000007e50000 	/usr/lib/libmecabra.dylib
0x0000000007e50000 	/System/Library/PrivateFrameworks/LanguageModeling.framework/Versions/A/LanguageModeling
0x0000000007e50000 	/usr/lib/libcmph.dylib
0x0000000007e50000 	/usr/lib/libiconv.2.dylib
0x0000000007e50000 	/System/Library/Frameworks/OpenDirectory.framework/Versions/A/Frameworks/CFOpenDirectory.framework/Versions/A/CFOpenDirectory
0x0000000007e50000 	/System/Library/Frameworks/ServiceManagement.framework/Versions/A/ServiceManagement
0x0000000007e50000 	/usr/lib/libxslt.1.dylib
0x0000000007e50000 	/System/Library/Frameworks/Carbon.framework/Versions/A/Frameworks/Ink.framework/Versions/A/Ink
0x0000000007e50000 	/System/Library/Frameworks/ApplicationServices.framework/Versions/A/Frameworks/ATS.framework/Versions/A/ATS
0x0000000007e50000 	/System/Library/Frameworks/ApplicationServices.framework/Versions/A/Frameworks/ColorSync.framework/Versions/A/ColorSync
0x0000000007e50000 	/System/Library/Frameworks/ApplicationServices.framework/Versions/A/Frameworks/HIServices.framework/Versions/A/HIServices
0x0000000007e50000 	/System/Library/Frameworks/ApplicationServices.framework/Versions/A/Frameworks/LangAnalysis.framework/Versions/A/LangAnalysis
0x0000000007e50000 	/System/Library/Frameworks/ApplicationServices.framework/Versions/A/Frameworks/PrintCore.framework/Versions/A/PrintCore
0x0000000007e50000 	/System/Library/Frameworks/ApplicationServices.framework/Versions/A/Frameworks/QD.framework/Versions/A/QD
0x0000000007e50000 	/System/Library/Frameworks/ApplicationServices.framework/Versions/A/Frameworks/SpeechSynthesis.framework/Versions/A/SpeechSynthesis
0x0000000007e50000 	/System/Library/Frameworks/Accelerate.framework/Versions/A/Accelerate
0x0000000007e50000 	/System/Library/Frameworks/Accelerate.framework/Versions/A/Frameworks/vImage.framework/Versions/A/vImage
0x0000000007e50000 	/System/Library/Frameworks/Accelerate.framework/Versions/A/Frameworks/vecLib.framework/Versions/A/vecLib
0x0000000007e50000 	/System/Library/Frameworks/Accelerate.framework/Versions/A/Frameworks/vecLib.framework/Versions/A/libvDSP.dylib
0x0000000007e50000 	/System/Library/Frameworks/Accelerate.framework/Versions/A/Frameworks/vecLib.framework/Versions/A/libvMisc.dylib
0x0000000007e50000 	/System/Library/Frameworks/Accelerate.framework/Versions/A/Frameworks/vecLib.framework/Versions/A/libLAPACK.dylib
0x0000000007e50000 	/System/Library/Frameworks/Accelerate.framework/Versions/A/Frameworks/vecLib.framework/Versions/A/libBLAS.dylib
0x0000000007e50000 	/System/Library/Frameworks/Accelerate.framework/Versions/A/Frameworks/vecLib.framework/Versions/A/libLinearAlgebra.dylib
0x0000000007e50000 	/System/Library/Frameworks/ApplicationServices.framework/Versions/A/Frameworks/ATS.framework/Versions/A/Resources/libFontParser.dylib
0x0000000007e50000 	/System/Library/Frameworks/ApplicationServices.framework/Versions/A/Frameworks/ATS.framework/Versions/A/Resources/libFontRegistry.dylib
0x0000000007e50000 	/System/Library/PrivateFrameworks/AppleVPA.framework/Versions/A/AppleVPA
0x0000000007e50000 	/System/Library/PrivateFrameworks/AppleJPEG.framework/Versions/A/AppleJPEG
0x0000000007e50000 	/System/Library/Frameworks/ImageIO.framework/Versions/A/Resources/libJPEG.dylib
0x0000000007e50000 	/System/Library/Frameworks/ImageIO.framework/Versions/A/Resources/libTIFF.dylib
0x0000000007e50000 	/System/Library/Frameworks/ImageIO.framework/Versions/A/Resources/libPng.dylib
0x0000000007e50000 	/System/Library/Frameworks/ImageIO.framework/Versions/A/Resources/libGIF.dylib
0x0000000007e50000 	/System/Library/Frameworks/ImageIO.framework/Versions/A/Resources/libJP2.dylib
0x0000000007e50000 	/System/Library/Frameworks/ImageIO.framework/Versions/A/Resources/libRadiance.dylib
0x0000000007e50000 	/System/Library/Frameworks/CoreVideo.framework/Versions/A/CoreVideo
0x0000000007e50000 	/System/Library/Frameworks/OpenGL.framework/Versions/A/Libraries/libGLU.dylib
0x0000000007e50000 	/System/Library/Frameworks/OpenGL.framework/Versions/A/Libraries/libGFXShared.dylib
0x0000000007e50000 	/System/Library/Frameworks/OpenGL.framework/Versions/A/Libraries/libGL.dylib
0x0000000007e50000 	/System/Library/Frameworks/OpenGL.framework/Versions/A/Libraries/libGLImage.dylib
0x0000000007e50000 	/System/Library/Frameworks/OpenGL.framework/Versions/A/Libraries/libCVMSPluginSupport.dylib
0x0000000007e50000 	/System/Library/Frameworks/OpenGL.framework/Versions/A/Libraries/libCoreVMClient.dylib
0x0000000007e50000 	/usr/lib/libcups.2.dylib
0x0000000007e50000 	/System/Library/Frameworks/Kerberos.framework/Versions/A/Kerberos
0x0000000007e50000 	/System/Library/Frameworks/GSS.framework/Versions/A/GSS
0x0000000007e50000 	/usr/lib/libresolv.9.dylib
0x0000000007e50000 	/System/Library/PrivateFrameworks/Heimdal.framework/Versions/A/Heimdal
0x0000000007e50000 	/usr/lib/libheimdal-asn1.dylib
0x0000000007e50000 	/System/Library/Frameworks/OpenDirectory.framework/Versions/A/OpenDirectory
0x0000000007e50000 	/System/Library/PrivateFrameworks/CommonAuth.framework/Versions/A/CommonAuth
0x0000000007e50000 	/System/Library/Frameworks/SecurityFoundation.framework/Versions/A/SecurityFoundation
0x0000000007e50000 	/System/Library/Frameworks/QuartzCore.framework/Versions/A/Frameworks/CoreImage.framework/Versions/A/CoreImage
0x0000000007e50000 	/System/Library/PrivateFrameworks/CrashReporterSupport.framework/Versions/A/CrashReporterSupport
0x0000000007e50000 	/System/Library/Frameworks/OpenCL.framework/Versions/A/OpenCL
0x0000000007e50000 	/System/Library/PrivateFrameworks/FaceCore.framework/Versions/A/FaceCore
0x0000000007e50000 	/System/Library/PrivateFrameworks/Ubiquity.framework/Versions/A/Ubiquity
0x0000000007e50000 	/System/Library/PrivateFrameworks/IconServices.framework/Versions/A/IconServices
0x0000000007e50000 	/System/Library/PrivateFrameworks/ChunkingLibrary.framework/Versions/A/ChunkingLibrary
0x0000000007e50000 	/System/Library/PrivateFrameworks/Apple80211.framework/Versions/A/Apple80211
0x0000000007e50000 	/System/Library/Frameworks/CoreWLAN.framework/Versions/A/CoreWLAN
0x0000000007e50000 	/System/Library/Frameworks/IOBluetooth.framework/Versions/A/IOBluetooth
0x0000000007e50000 	/System/Library/PrivateFrameworks/CoreWiFi.framework/Versions/A/CoreWiFi
0x0000000007e50000 	/System/Library/Frameworks/CoreBluetooth.framework/Versions/A/CoreBluetooth
0x0000000007e50000 	/System/Library/PrivateFrameworks/DebugSymbols.framework/Versions/A/DebugSymbols
0x0000000007e50000 	/System/Library/PrivateFrameworks/CoreSymbolication.framework/Versions/A/CoreSymbolication
0x0000000007e50000 	/System/Library/PrivateFrameworks/Symbolication.framework/Versions/A/Symbolication
0x0000000007e50000 	/System/Library/PrivateFrameworks/SpeechRecognitionCore.framework/Versions/A/SpeechRecognitionCore
0x000000010f252000 	/Library/Java/JavaVirtualMachines/jdk1.8.0_60.jdk/Contents/Home/jre/lib/server/libjvm.dylib
0x0000000007e50000 	/usr/lib/libstdc++.6.dylib
0x00000001102de000 	/Library/Java/JavaVirtualMachines/jdk1.8.0_60.jdk/Contents/Home/jre/lib/libverify.dylib
0x00000001102ec000 	/Library/Java/JavaVirtualMachines/jdk1.8.0_60.jdk/Contents/Home/jre/lib/libjava.dylib
0x0000000110342000 	/Library/Java/JavaVirtualMachines/jdk1.8.0_60.jdk/Contents/Home/jre/lib/libzip.dylib
0x0000000126bcc000 	/System/Library/Frameworks/JavaVM.framework/Frameworks/JavaRuntimeSupport.framework/JavaRuntimeSupport
0x0000000126be4000 	/System/Library/Frameworks/JavaVM.framework/Versions/A/Frameworks/JavaNativeFoundation.framework/Versions/A/JavaNativeFoundation
0x0000000126bf9000 	/System/Library/Frameworks/JavaVM.framework/Versions/A/JavaVM
0x0000000007e50000 	/System/Library/Frameworks/Carbon.framework/Versions/A/Carbon
0x0000000126c06000 	/System/Library/PrivateFrameworks/JavaLaunching.framework/Versions/A/JavaLaunching
0x0000000007e50000 	/System/Library/Frameworks/Carbon.framework/Versions/A/Frameworks/CommonPanels.framework/Versions/A/CommonPanels
0x0000000007e50000 	/System/Library/Frameworks/Carbon.framework/Versions/A/Frameworks/Help.framework/Versions/A/Help
0x0000000007e50000 	/System/Library/Frameworks/Carbon.framework/Versions/A/Frameworks/ImageCapture.framework/Versions/A/ImageCapture
0x0000000007e50000 	/System/Library/Frameworks/Carbon.framework/Versions/A/Frameworks/OpenScripting.framework/Versions/A/OpenScripting
0x0000000007e50000 	/System/Library/Frameworks/Carbon.framework/Versions/A/Frameworks/Print.framework/Versions/A/Print
0x0000000007e50000 	/System/Library/Frameworks/Carbon.framework/Versions/A/Frameworks/SecurityHI.framework/Versions/A/SecurityHI
0x00000001289d5000 	/Library/Java/JavaVirtualMachines/jdk1.8.0_60.jdk/Contents/Home/jre/lib/libawt.dylib
0x0000000128a7d000 	/Library/Java/JavaVirtualMachines/jdk1.8.0_60.jdk/Contents/Home/jre/lib/./libmlib_image.dylib
0x0000000128b49000 	/Library/Java/JavaVirtualMachines/jdk1.8.0_60.jdk/Contents/Home/jre/lib/libawt_lwawt.dylib
0x0000000128bfe000 	/Library/Java/JavaVirtualMachines/jdk1.8.0_60.jdk/Contents/Home/jre/lib/./libosxapp.dylib
0x0000000007e50000 	/System/Library/Frameworks/ExceptionHandling.framework/Versions/A/ExceptionHandling
0x0000000007e50000 	/System/Library/PrivateFrameworks/CoreServicesInternal.framework/Versions/A/CoreServicesInternal
0x0000000007e50000 	/System/Library/PrivateFrameworks/CloudDocs.framework/Versions/A/CloudDocs
0x0000000007e50000 	/System/Library/PrivateFrameworks/CoreDuet.framework/Versions/A/CoreDuet
0x0000000007e50000 	/System/Library/Frameworks/CloudKit.framework/Versions/A/CloudKit
0x0000000007e50000 	/System/Library/PrivateFrameworks/ProtocolBuffer.framework/Versions/A/ProtocolBuffer
0x0000000007e50000 	/System/Library/PrivateFrameworks/CoreDuetDaemonProtocol.framework/Versions/A/CoreDuetDaemonProtocol
0x0000000007e50000 	/System/Library/PrivateFrameworks/CoreDuetDebugLogging.framework/Versions/A/CoreDuetDebugLogging
0x0000000007e50000 	/System/Library/Frameworks/CoreLocation.framework/Versions/A/CoreLocation
0x0000000007e50000 	/System/Library/Frameworks/Accounts.framework/Versions/A/Accounts
0x0000000007e50000 	/System/Library/PrivateFrameworks/ApplePushService.framework/Versions/A/ApplePushService
0x0000000007e50000 	/System/Library/PrivateFrameworks/GeoServices.framework/Versions/A/GeoServices
0x0000000007e50000 	/System/Library/PrivateFrameworks/OAuth.framework/Versions/A/OAuth
0x0000000007e50000 	/System/Library/PrivateFrameworks/CoreDaemon.framework/Versions/B/CoreDaemon
0x0000000007e50000 	/usr/lib/libcrypto.0.9.8.dylib
0x0000000007e50000 	/System/Library/PrivateFrameworks/AppleSRP.framework/Versions/A/AppleSRP
0x0000000007e50000 	/System/Library/PrivateFrameworks/TrustEvaluationAgent.framework/Versions/A/TrustEvaluationAgent
0x0000000007e50000 	/System/Library/Frameworks/CoreGraphics.framework/Versions/A/Resources/libCGCMS.A.dylib
0x0000000007e50000 	/System/Library/Frameworks/CoreGraphics.framework/Versions/A/Resources/libRIP.A.dylib
0x0000000007e50000 	/System/Library/Frameworks/CoreGraphics.framework/Versions/A/Resources/libCGXType.A.dylib
0x0000000007e50000 	/System/Library/Frameworks/OpenCL.framework/Versions/A/Libraries/libcldcpuengine.dylib
0x0000000007e50000 	/System/Library/PrivateFrameworks/DiskImages.framework/Versions/A/DiskImages
0x0000000007e50000 	/System/Library/Frameworks/DiscRecording.framework/Versions/A/DiscRecording
0x0000000007e50000 	/usr/lib/libcsfde.dylib
0x0000000007e50000 	/usr/lib/libcurl.4.dylib
0x0000000007e50000 	/System/Library/PrivateFrameworks/MediaKit.framework/Versions/A/MediaKit
0x0000000007e50000 	/System/Library/PrivateFrameworks/ProtectedCloudStorage.framework/Versions/A/ProtectedCloudStorage
0x0000000007e50000 	/usr/lib/libCoreStorage.dylib
0x0000000007e50000 	/System/Library/PrivateFrameworks/EFILogin.framework/Versions/A/EFILogin
0x0000000007e50000 	/usr/lib/libutil.dylib
0x0000000007e50000 	/System/Library/PrivateFrameworks/FindMyDevice.framework/Versions/A/FindMyDevice
0x0000000007e50000 	/System/Library/Frameworks/LDAP.framework/Versions/A/LDAP
0x0000000007e50000 	/usr/lib/libsasl2.2.dylib
0x000000012b7bf000 	cl_kernels
0x000000012b7c1000 	/System/Library/Frameworks/OpenCL.framework/Versions/A/Libraries/ImageFormats/unorm8_bgra.dylib
0x000000012b7b0000 	cl_kernels
0x0000000007e50000 	/System/Library/PrivateFrameworks/FamilyControls.framework/Versions/A/FamilyControls
0x0000000007e50000 	/System/Library/PrivateFrameworks/CommerceKit.framework/Versions/A/Frameworks/CommerceCore.framework/Versions/A/CommerceCore
0x0000000007e50000 	/System/Library/PrivateFrameworks/SystemAdministration.framework/Versions/A/SystemAdministration
0x0000000007e50000 	/System/Library/PrivateFrameworks/AppContainer.framework/Versions/A/AppContainer
0x0000000007e50000 	/System/Library/PrivateFrameworks/SecCodeWrapper.framework/Versions/A/SecCodeWrapper
0x0000000007e50000 	/System/Library/Frameworks/DirectoryService.framework/Versions/A/DirectoryService
0x0000000007e50000 	/System/Library/PrivateFrameworks/LoginUIKit.framework/Versions/A/Frameworks/LoginUICore.framework/Versions/A/LoginUICore
0x0000000007e50000 	/usr/lib/libodfde.dylib
0x0000000007e50000 	/System/Library/Frameworks/OpenGL.framework/Versions/A/Resources/GLEngine.bundle/GLEngine
0x0000000007e50000 	/System/Library/Frameworks/OpenGL.framework/Versions/A/Libraries/libGLProgrammability.dylib
0x0000000000000000 	/System/Library/Extensions/AppleIntelHD4000GraphicsGLDriver.bundle/Contents/MacOS/AppleIntelHD4000GraphicsGLDriver
0x0000000007e50000 	/System/Library/PrivateFrameworks/IOAccelerator.framework/Versions/A/IOAccelerator
0x0000000007e50000 	/System/Library/PrivateFrameworks/GPUSupport.framework/Versions/A/Libraries/libGPUSupportMercury.dylib
0x0000000007e50000 	/System/Library/Frameworks/OpenGL.framework/Versions/A/Resources/GLRendererFloat.bundle/GLRendererFloat
0x000000012d438000 	/Library/Java/JavaVirtualMachines/jdk1.8.0_60.jdk/Contents/Home/jre/lib/libfontmanager.dylib
0x000000012e6bc000 	/Library/Java/JavaVirtualMachines/jdk1.8.0_60.jdk/Contents/Home/jre/lib/libosxui.dylib
0x000000012e77f000 	/Library/Java/JavaVirtualMachines/jdk1.8.0_60.jdk/Contents/Home/jre/lib/libnet.dylib
0x000000012e9c1000 	/Library/Java/JavaVirtualMachines/jdk1.8.0_60.jdk/Contents/Home/jre/lib/libnio.dylib
0x0000000007e50000 	/System/Library/Frameworks/ApplicationServices.framework/Versions/A/Frameworks/ATS.framework/Versions/A/Resources/libTrueTypeScaler.dylib
0x000000018c362000 	/private/var/folders/js/4p6c06092h52zfnndxrfpw5h0000gn/T/jogamp_0000/file_cache/jln8151387904093320961/jln5391410221320395233/libgluegen-rt.jnilib
0x000000018c366000 	/private/var/folders/js/4p6c06092h52zfnndxrfpw5h0000gn/T/jogamp_0000/file_cache/jln8151387904093320961/jln5391410221320395233/libnativewindow_awt.jnilib
0x000000018c369000 	/Library/Java/JavaVirtualMachines/jdk1.8.0_60.jdk/Contents/Home/jre/lib/libjawt.dylib
0x000000018c36c000 	/private/var/folders/js/4p6c06092h52zfnndxrfpw5h0000gn/T/jogamp_0000/file_cache/jln8151387904093320961/jln5391410221320395233/libnativewindow_macosx.jnilib
0x000000018dfb4000 	/private/var/folders/js/4p6c06092h52zfnndxrfpw5h0000gn/T/jogamp_0000/file_cache/jln8151387904093320961/jln5391410221320395233/libjogl_desktop.jnilib
0x00000001937e9000 	/Library/Java/JavaVirtualMachines/jdk1.8.0_60.jdk/Contents/Home/jre/lib/libt2k.dylib

VM Arguments:
jvm_args: -Djava.security.policy=java.policy.applet -Dfile.encoding=UTF-8 
java_command: sun.applet.AppletViewer module3.EarthquakeCityMap1446076649758.html
java_class_path (initial): /Users/niranjhankantharaj/Documents/CourseEraUS2/UCSDUnfoldingMaps/build:/Users/niranjhankantharaj/Documents/CourseEraUS2/UCSDUnfoldingMaps/lib/core.jar:/Users/niranjhankantharaj/Documents/CourseEraUS2/UCSDUnfoldingMaps/lib/gluegen-rt.jar:/Users/niranjhankantharaj/Documents/CourseEraUS2/UCSDUnfoldingMaps/lib/jogl-all.jar:/Users/niranjhankantharaj/Documents/CourseEraUS2/UCSDUnfoldingMaps/lib/log4j-1.2.15.jar:/Users/niranjhankantharaj/Documents/CourseEraUS2/UCSDUnfoldingMaps/lib/sqlite-jdbc-3.7.2.jar:/Users/niranjhankantharaj/Documents/CourseEraUS2/UCSDUnfoldingMaps/lib/json4processing.jar:/Users/niranjhankantharaj/Documents/CourseEraUS2/UCSDUnfoldingMaps/lib/libTUIO.jar:/Users/niranjhankantharaj/Documents/CourseEraUS2/UCSDUnfoldingMaps/lib/unfolding.0.9.7-uscd.jar
Launcher Type: SUN_STANDARD

Environment Variables:
PATH=/usr/bin:/bin:/usr/sbin:/sbin
SHELL=/bin/bash

Signal Handlers:
SIGSEGV: [libjvm.dylib+0x5a6d31], sa_mask[0]=11111111011111110111111111111111, sa_flags=SA_ONSTACK|SA_RESTART|SA_SIGINFO
SIGBUS: [libjvm.dylib+0x5a6d31], sa_mask[0]=11111111011111110111111111111111, sa_flags=SA_RESTART|SA_SIGINFO
SIGFPE: [libjvm.dylib+0x480a4c], sa_mask[0]=11111111011111110111111111111111, sa_flags=SA_RESTART|SA_SIGINFO
SIGPIPE: [libjvm.dylib+0x480a4c], sa_mask[0]=11111111011111110111111111111111, sa_flags=SA_RESTART|SA_SIGINFO
SIGXFSZ: [libjvm.dylib+0x480a4c], sa_mask[0]=11111111011111110111111111111111, sa_flags=SA_RESTART|SA_SIGINFO
SIGILL: [libjvm.dylib+0x480a4c], sa_mask[0]=11111111011111110111111111111111, sa_flags=SA_RESTART|SA_SIGINFO
SIGUSR1: SIG_DFL, sa_mask[0]=00000000000000000000000000000000, sa_flags=none
SIGUSR2: [libjvm.dylib+0x48056a], sa_mask[0]=00100000000000000000000000000000, sa_flags=SA_RESTART|SA_SIGINFO
SIGHUP: [libjvm.dylib+0x47eb41], sa_mask[0]=11111111011111110111111111111111, sa_flags=SA_RESTART|SA_SIGINFO
SIGINT: [libjvm.dylib+0x47eb41], sa_mask[0]=11111111011111110111111111111111, sa_flags=SA_RESTART|SA_SIGINFO
SIGTERM: [libjvm.dylib+0x47eb41], sa_mask[0]=11111111011111110111111111111111, sa_flags=SA_RESTART|SA_SIGINFO
SIGQUIT: [libjvm.dylib+0x47eb41], sa_mask[0]=11111111011111110111111111111111, sa_flags=SA_RESTART|SA_SIGINFO


---------------  S Y S T E M  ---------------

OS:Bsduname:Darwin 14.0.0 Darwin Kernel Version 14.0.0: Fri Sep 19 00:26:44 PDT 2014; root:xnu-2782.1.97~2/RELEASE_X86_64 x86_64
rlimit: STACK 8192k, CORE 0k, NPROC 709, NOFILE 10240, AS infinity
load average:4.52 14.66 10.52

CPU:total 4 (2 cores per cpu, 2 threads per core) family 6 model 58 stepping 9, cmov, cx8, fxsr, mmx, sse, sse2, sse3, ssse3, sse4.1, sse4.2, popcnt, avx, aes, clmul, erms, ht, tsc, tscinvbit, tscinv

Memory: 4k page, physical 8388608k(1868820k free)

/proc/meminfo:


vm_info: Java HotSpot(TM) 64-Bit Server VM (25.60-b23) for bsd-amd64 JRE (1.8.0_60-b27), built on Aug  4 2015 10:47:24 by "java_re" with gcc 4.2.1 (Based on Apple Inc. build 5658) (LLVM build 2336.11.00)

time: Wed Oct 28 19:57:46 2015
elapsed time: 16 seconds (0d 0h 0m 16s)

