#
# A fatal error has been detected by the Java Runtime Environment:
#
#  SIGSEGV (0xb) at pc=0x00007fff8d9180dd, pid=8723, tid=1811
#
# JRE version: Java(TM) SE Runtime Environment (8.0_60-b27) (build 1.8.0_60-b27)
# Java VM: Java HotSpot(TM) 64-Bit Server VM (25.60-b23 mixed mode bsd-amd64 compressed oops)
# Problematic frame:
# C  [libobjc.A.dylib+0x10dd]  objc_msgSend+0x1d
#
# Failed to write core dump. Core dumps have been disabled. To enable core dumping, try "ulimit -c unlimited" before starting Java again
#
# If you would like to submit a bug report, please visit:
#   http://bugreport.java.com/bugreport/crash.jsp
# The crash happened outside the Java Virtual Machine in native code.
# See problematic frame for where to report the bug.
#

---------------  T H R E A D  ---------------

Current thread (0x00007ff56a08f800):  JavaThread "AWT-AppKit" daemon [_thread_in_native, id=1811, stack(0x00007fff5876b000,0x00007fff58f6b000)]

siginfo: si_signo: 11 (SIGSEGV), si_code: 1 (SEGV_MAPERR), si_addr: 0x000007ff56e41ec0

Registers:
RAX=0x00007ff56e611d90, RBX=0x0000000183f88450, RCX=0x00000001260f2de0, RDX=0x000000012516a440
RSP=0x00007fff58f66188, RBP=0x00007fff58f66240, RSI=0x00007fff8aaec4c7, RDI=0x00007ff56e410c30
R8 =0x0000000000000000, R9 =0x0000000000000e80, R10=0x00007fff8aaec4c7, R11=0x000007ff56e41ea8
R12=0x0000000000000000, R13=0x0000000185fc44f0, R14=0x0000000183f88440, R15=0x00007ff56a08f800
RIP=0x00007fff8d9180dd, EFLAGS=0x0000000000010202, ERR=0x0000000000000004
  TRAPNO=0x000000000000000e

Top of Stack: (sp=0x00007fff58f66188)
0x00007fff58f66188:   0000000183f86157 00007fff58f661e0
0x00007fff58f66198:   0000000000000003 00007fff58f661c0
0x00007fff58f661a8:   00000001077f1992 0000000185fc44f0
0x00007fff58f661b8:   0000000185fc44f0 00007ff56e611d90
0x00007fff58f661c8:   0000000183f886a0 0000000183f88710
0x00007fff58f661d8:   00007fff781d2550 00007fff7892fbb0
0x00007fff58f661e8:   0000000183f88450 0000000183f88690
0x00007fff58f661f8:   00007ff56e611d90 00007ff56e410c30
0x00007fff58f66208:   00007ff56957a670 00007ff56e611d90
0x00007fff58f66218:   00007ff56e410c30 00007fff58f662c0
0x00007fff58f66228:   00007ff56a08f9f8 0000000185fc44f0
0x00007fff58f66238:   00007fff58f662e8 00007fff58f662b0
0x00007fff58f66248:   00000001086aa954 00007fff58f662b0
0x00007fff58f66258:   00000001086aa6d9 00000001086b6823
0x00007fff58f66268:   00000001086aa6a2 00007fff58f66270
0x00007fff58f66278:   0000000185fc44f0 00007fff58f662e8
0x00007fff58f66288:   0000000185fc7128 0000000000000000
0x00007fff58f66298:   0000000185fc44f0 0000000000000000
0x00007fff58f662a8:   00007fff58f662d0 00007fff58f66330
0x00007fff58f662b8:   000000010869cc4d 00000007979445d8
0x00007fff58f662c8:   00000001086a4578 00007ff56e611d90
0x00007fff58f662d8:   00000001086a5db9 00007ff56e410c30
0x00007fff58f662e8:   00000001086a5d82 00007fff58f662f0
0x00007fff58f662f8:   0000000185fc46ba 00007fff58f66358
0x00007fff58f66308:   0000000185fc7128 0000000000000000
0x00007fff58f66318:   0000000185fc46c8 00007fff58f662d0
0x00007fff58f66328:   00007fff58f66340 00007fff58f663a0
0x00007fff58f66338:   000000010869cc4d 00007ff56e611d90
0x00007fff58f66348:   0000000797638d10 00007ff56e410c30
0x00007fff58f66358:   0000000797638d10 00007fff58f66360
0x00007fff58f66368:   000000018d17754e 00007fff58f663b0
0x00007fff58f66378:   000000018d177608 0000000000000000 

Instructions: (pc=0x00007fff8d9180dd)
0x00007fff8d9180bd:   00 00 00 48 85 ff 2e 74 7a 40 f6 c7 01 2e 75 7e
0x00007fff8d9180cd:   49 bb f8 ff ff ff ff 7f 00 00 4c 23 1f 49 89 f2
0x00007fff8d9180dd:   45 23 53 18 49 c1 e2 04 4d 03 53 10 49 3b 32 75
0x00007fff8d9180ed:   04 41 ff 62 08 49 83 3a 00 74 6a 4d 3b 53 10 74 

Register to memory mapping:

RAX=0x00007ff56e611d90 is an unknown value
RBX=0x0000000183f88450: Java_jogamp_nativewindow_macosx_OSXUtil_GetScreenRefreshRate0+0x1cf0 in /private/var/folders/js/4p6c06092h52zfnndxrfpw5h0000gn/T/jogamp_0000/file_cache/jln3426654831100067085/jln5104063556844895832/libnativewindow_macosx.jnilib at 0x0000000183f81000
RCX=0x00000001260f2de0 is an unknown value
RDX=0x000000012516a440 is an unknown value
RSP=0x00007fff58f66188 is pointing into the stack for thread: 0x00007ff56a08f800
RBP=0x00007fff58f66240 is pointing into the stack for thread: 0x00007ff56a08f800
RSI=0x00007fff8aaec4c7 is an unknown value
RDI=0x00007ff56e410c30 is an unknown value
R8 =0x0000000000000000 is an unknown value
R9 =0x0000000000000e80 is an unknown value
R10=0x00007fff8aaec4c7 is an unknown value
R11=0x000007ff56e41ea8 is an unknown value
R12=0x0000000000000000 is an unknown value
R13={method} {0x0000000185fc44f0} 'UnsetJAWTRootSurfaceLayer0' '(JJ)V' in 'jogamp/nativewindow/jawt/macosx/MacOSXJAWTWindow'
R14=0x0000000183f88440: Java_jogamp_nativewindow_macosx_OSXUtil_GetScreenRefreshRate0+0x1ce0 in /private/var/folders/js/4p6c06092h52zfnndxrfpw5h0000gn/T/jogamp_0000/file_cache/jln3426654831100067085/jln5104063556844895832/libnativewindow_macosx.jnilib at 0x0000000183f81000
R15=0x00007ff56a08f800 is a thread


Stack: [0x00007fff5876b000,0x00007fff58f6b000],  sp=0x00007fff58f66188,  free space=8172k
Native frames: (J=compiled Java code, j=interpreted, Vv=VM code, C=native code)
C  [libobjc.A.dylib+0x10dd]  objc_msgSend+0x1d
j  jogamp.nativewindow.jawt.macosx.MacOSXJAWTWindow.UnsetJAWTRootSurfaceLayer0(JJ)V+0
j  jogamp.nativewindow.jawt.macosx.MacOSXJAWTWindow.access$200(JJ)V+2
j  jogamp.nativewindow.jawt.macosx.MacOSXJAWTWindow$1.run()V+38
j  com.jogamp.common.util.RunnableTask.run()V+24
v  ~StubRoutines::call_stub
V  [libjvm.dylib+0x2eab0e]
V  [libjvm.dylib+0x321bb7]
V  [libjvm.dylib+0x31438b]
C  [libnativewindow_macosx.jnilib+0x5326]  Java_jogamp_nativewindow_jawt_macosx_MacOSXJAWTWindow_UnsetJAWTRootSurfaceLayer0+0x2b6
C  [Foundation+0x65f4c]  __NSThreadPerformPerform+0x125
C  [CoreFoundation+0x80661]  __CFRUNLOOP_IS_CALLING_OUT_TO_A_SOURCE0_PERFORM_FUNCTION__+0x11
C  [CoreFoundation+0x728bc]  __CFRunLoopDoSources0+0x1dc
C  [CoreFoundation+0x71e1f]  __CFRunLoopRun+0x39f
C  [CoreFoundation+0x71838]  CFRunLoopRunSpecific+0x128
C  [HIToolbox+0x2e43f]  RunCurrentEventLoopInMode+0xeb
C  [HIToolbox+0x2e0be]  ReceiveNextEventCommon+0xb3
C  [HIToolbox+0x2dffb]  _BlockUntilNextEventMatchingListInModeWithFilter+0x47
C  [AppKit+0x246d1]  _DPSNextEvent+0x3c4
C  [AppKit+0x23e80]  -[NSApplication nextEventMatchingMask:untilDate:inMode:dequeue:]+0xc2
C  [libosxapp.dylib+0x23aa]  -[NSApplicationAWT nextEventMatchingMask:untilDate:inMode:dequeue:]+0x7c
C  [AppKit+0x17e23]  -[NSApplication run]+0x252
C  [libosxapp.dylib+0x214d]  +[NSApplicationAWT runAWTLoopWithApp:]+0x9c
C  [libawt_lwawt.dylib+0x44517]  -[AWTStarter starter:]+0x389
C  [Foundation+0x65f4c]  __NSThreadPerformPerform+0x125
C  [CoreFoundation+0x80661]  __CFRUNLOOP_IS_CALLING_OUT_TO_A_SOURCE0_PERFORM_FUNCTION__+0x11
C  [CoreFoundation+0x727ed]  __CFRunLoopDoSources0+0x10d
C  [CoreFoundation+0x71e1f]  __CFRunLoopRun+0x39f
C  [CoreFoundation+0x71838]  CFRunLoopRunSpecific+0x128
C  [java+0x6463]  CreateExecutionEnvironment+0x367
C  [java+0x21ac]  JLI_Launch+0x7a0
C  [java+0x84c0]  main+0x65
C  [java+0x1a04]  start+0x34
C  0x0000000000000007

Java frames: (J=compiled Java code, j=interpreted, Vv=VM code)
j  jogamp.nativewindow.jawt.macosx.MacOSXJAWTWindow.UnsetJAWTRootSurfaceLayer0(JJ)V+0
j  jogamp.nativewindow.jawt.macosx.MacOSXJAWTWindow.access$200(JJ)V+2
j  jogamp.nativewindow.jawt.macosx.MacOSXJAWTWindow$1.run()V+38
j  com.jogamp.common.util.RunnableTask.run()V+24
v  ~StubRoutines::call_stub

---------------  P R O C E S S  ---------------

Java Threads: ( => current thread )
  0x00007ff569cd3000 JavaThread "Thread-19" [_thread_blocked, id=65363, stack(0x00000001889b9000,0x0000000188ab9000)]
  0x00007ff569f09000 JavaThread "Image Fetcher 1" daemon [_thread_blocked, id=65959, stack(0x0000000188095000,0x0000000188195000)]
  0x00007ff56f0bc800 JavaThread "Image Fetcher 0" daemon [_thread_blocked, id=67843, stack(0x000000018cdc7000,0x000000018cec7000)]
  0x00007ff56b549800 JavaThread "Keep-Alive-Timer" daemon [_thread_blocked, id=67415, stack(0x0000000188ded000,0x0000000188eed000)]
  0x00007ff56ab4e800 JavaThread "AWT-EventQueue-1" [_thread_in_native, id=61719, stack(0x0000000184592000,0x0000000184692000)]
  0x00007ff56ab48000 JavaThread "DestroyJavaVM" [_thread_blocked, id=4867, stack(0x000000010858a000,0x000000010868a000)]
  0x00007ff56a9fe800 JavaThread "AWT-EventQueue-0" [_thread_in_native, id=53511, stack(0x000000012617f000,0x000000012627f000)]
  0x00007ff56a9c9000 JavaThread "Java2D Disposer" daemon [_thread_blocked, id=50711, stack(0x0000000124efb000,0x0000000124ffb000)]
  0x00007ff56a968800 JavaThread "Java2D Queue Flusher" daemon [_thread_blocked, id=49159, stack(0x000000012456d000,0x000000012466d000)]
  0x00007ff56a855000 JavaThread "AWT-Shutdown" [_thread_blocked, id=28435, stack(0x0000000121b89000,0x0000000121c89000)]
=>0x00007ff56a08f800 JavaThread "AWT-AppKit" daemon [_thread_in_native, id=1811, stack(0x00007fff5876b000,0x00007fff58f6b000)]
  0x00007ff56980a000 JavaThread "Service Thread" daemon [_thread_blocked, id=18179, stack(0x000000012035c000,0x000000012045c000)]
  0x00007ff56a815800 JavaThread "C1 CompilerThread2" daemon [_thread_blocked, id=17667, stack(0x0000000120259000,0x0000000120359000)]
  0x00007ff56a814800 JavaThread "C2 CompilerThread1" daemon [_thread_blocked, id=17155, stack(0x0000000120156000,0x0000000120256000)]
  0x00007ff56a813000 JavaThread "C2 CompilerThread0" daemon [_thread_blocked, id=16643, stack(0x0000000120053000,0x0000000120153000)]
  0x00007ff56a812800 JavaThread "Signal Dispatcher" daemon [_thread_blocked, id=13331, stack(0x000000011ff50000,0x0000000120050000)]
  0x00007ff569833000 JavaThread "Finalizer" daemon [_thread_blocked, id=11523, stack(0x000000011e60a000,0x000000011e70a000)]
  0x00007ff56b00c000 JavaThread "Reference Handler" daemon [_thread_blocked, id=11011, stack(0x000000011e507000,0x000000011e607000)]

Other Threads:
  0x00007ff56a035800 VMThread [stack: 0x000000011e404000,0x000000011e504000] [id=10499]
  0x00007ff56b012800 WatcherThread [stack: 0x000000012045f000,0x000000012055f000] [id=18691]

VM state:not at safepoint (normal execution)

VM Mutex/Monitor currently owned by a thread: None

Heap:
 PSYoungGen      total 38400K, used 7035K [0x0000000795580000, 0x0000000798000000, 0x00000007c0000000)
  eden space 33280K, 5% used [0x0000000795580000,0x000000079575fb30,0x0000000797600000)
  from space 5120K, 99% used [0x0000000797600000,0x0000000797aff430,0x0000000797b00000)
  to   space 5120K, 0% used [0x0000000797b00000,0x0000000797b00000,0x0000000798000000)
 ParOldGen       total 87552K, used 11402K [0x0000000740000000, 0x0000000745580000, 0x0000000795580000)
  object space 87552K, 13% used [0x0000000740000000,0x0000000740b22b18,0x0000000745580000)
 Metaspace       used 20619K, capacity 20763K, committed 21120K, reserved 1069056K
  class space    used 2043K, capacity 2112K, committed 2176K, reserved 1048576K

Card table byte_map: [0x0000000117a55000,0x0000000117e56000] byte_map_base: 0x0000000114055000

Marking Bits: (ParMarkBitMap*) 0x0000000107edee20
 Begin Bits: [0x000000011850d000, 0x000000011a50d000)
 End Bits:   [0x000000011a50d000, 0x000000011c50d000)

Polling page: 0x0000000106dee000

CodeCache: size=245760Kb used=8754Kb max_used=8767Kb free=237005Kb
 bounds [0x0000000108695000, 0x0000000108f35000, 0x0000000117695000]
 total_blobs=3180 nmethods=2290 adapters=803
 compilation: enabled

Compilation events (10 events):
Event: 9.173 Thread 0x00007ff56a815800 2291   !   3       jogamp.common.util.locks.RecursiveLockImpl01Unfairish::tryLock (582 bytes)
Event: 9.175 Thread 0x00007ff56a815800 nmethod 2291 0x0000000108f24450 code [0x0000000108f246a0, 0x0000000108f25b78]
Event: 9.175 Thread 0x00007ff56a815800 2290       3       sun.java2d.pipe.Region::getIntersection (132 bytes)
Event: 9.176 Thread 0x00007ff56a815800 nmethod 2290 0x0000000108f21c90 code [0x0000000108f21e60, 0x0000000108f22668]
Event: 9.177 Thread 0x00007ff56a813000 2292  s    4       sun.misc.URLClassPath::getNextLoader (88 bytes)
Event: 9.179 Thread 0x00007ff56a815800 2293       3       java.util.LinkedList::checkPositionIndex (22 bytes)
Event: 9.180 Thread 0x00007ff56a815800 nmethod 2293 0x0000000108f26450 code [0x0000000108f26680, 0x0000000108f27258]
Event: 9.180 Thread 0x00007ff56a815800 2294       3       java.util.LinkedList::isPositionIndex (18 bytes)
Event: 9.180 Thread 0x00007ff56a815800 nmethod 2294 0x0000000108f1bf50 code [0x0000000108f1c0c0, 0x0000000108f1c2b0]
Event: 9.183 Thread 0x00007ff56a813000 nmethod 2292 0x0000000108f2abd0 code [0x0000000108f2ad40, 0x0000000108f2b4b8]

GC Heap History (6 events):
Event: 1.964 GC heap before
{Heap before GC invocations=1 (full 0):
 PSYoungGen      total 38400K, used 33280K [0x0000000795580000, 0x0000000798000000, 0x00000007c0000000)
  eden space 33280K, 100% used [0x0000000795580000,0x0000000797600000,0x0000000797600000)
  from space 5120K, 0% used [0x0000000797b00000,0x0000000797b00000,0x0000000798000000)
  to   space 5120K, 0% used [0x0000000797600000,0x0000000797600000,0x0000000797b00000)
 ParOldGen       total 87552K, used 0K [0x0000000740000000, 0x0000000745580000, 0x0000000795580000)
  object space 87552K, 0% used [0x0000000740000000,0x0000000740000000,0x0000000745580000)
 Metaspace       used 15557K, capacity 15705K, committed 16000K, reserved 1062912K
  class space    used 1570K, capacity 1627K, committed 1664K, reserved 1048576K
Event: 1.971 GC heap after
Heap after GC invocations=1 (full 0):
 PSYoungGen      total 38400K, used 4846K [0x0000000795580000, 0x0000000798000000, 0x00000007c0000000)
  eden space 33280K, 0% used [0x0000000795580000,0x0000000795580000,0x0000000797600000)
  from space 5120K, 94% used [0x0000000797600000,0x0000000797abba28,0x0000000797b00000)
  to   space 5120K, 0% used [0x0000000797b00000,0x0000000797b00000,0x0000000798000000)
 ParOldGen       total 87552K, used 16K [0x0000000740000000, 0x0000000745580000, 0x0000000795580000)
  object space 87552K, 0% used [0x0000000740000000,0x0000000740004000,0x0000000745580000)
 Metaspace       used 15557K, capacity 15705K, committed 16000K, reserved 1062912K
  class space    used 1570K, capacity 1627K, committed 1664K, reserved 1048576K
}
Event: 3.042 GC heap before
{Heap before GC invocations=2 (full 0):
 PSYoungGen      total 38400K, used 36397K [0x0000000795580000, 0x0000000798000000, 0x00000007c0000000)
  eden space 33280K, 94% used [0x0000000795580000,0x000000079744faa0,0x0000000797600000)
  from space 5120K, 94% used [0x0000000797600000,0x0000000797abba28,0x0000000797b00000)
  to   space 5120K, 0% used [0x0000000797b00000,0x0000000797b00000,0x0000000798000000)
 ParOldGen       total 87552K, used 16K [0x0000000740000000, 0x0000000745580000, 0x0000000795580000)
  object space 87552K, 0% used [0x0000000740000000,0x0000000740004000,0x0000000745580000)
 Metaspace       used 19281K, capacity 19535K, committed 19712K, reserved 1067008K
  class space    used 1961K, capacity 2046K, committed 2048K, reserved 1048576K
Event: 3.056 GC heap after
Heap after GC invocations=2 (full 0):
 PSYoungGen      total 38400K, used 5102K [0x0000000795580000, 0x0000000798000000, 0x00000007c0000000)
  eden space 33280K, 0% used [0x0000000795580000,0x0000000795580000,0x0000000797600000)
  from space 5120K, 99% used [0x0000000797b00000,0x0000000797ffbb40,0x0000000798000000)
  to   space 5120K, 0% used [0x0000000797600000,0x0000000797600000,0x0000000797b00000)
 ParOldGen       total 87552K, used 4194K [0x0000000740000000, 0x0000000745580000, 0x0000000795580000)
  object space 87552K, 4% used [0x0000000740000000,0x0000000740418980,0x0000000745580000)
 Metaspace       used 19281K, capacity 19535K, committed 19712K, reserved 1067008K
  class space    used 1961K, capacity 2046K, committed 2048K, reserved 1048576K
}
Event: 8.889 GC heap before
{Heap before GC invocations=3 (full 0):
 PSYoungGen      total 38400K, used 38382K [0x0000000795580000, 0x0000000798000000, 0x00000007c0000000)
  eden space 33280K, 100% used [0x0000000795580000,0x0000000797600000,0x0000000797600000)
  from space 5120K, 99% used [0x0000000797b00000,0x0000000797ffbb40,0x0000000798000000)
  to   space 5120K, 0% used [0x0000000797600000,0x0000000797600000,0x0000000797b00000)
 ParOldGen       total 87552K, used 4194K [0x0000000740000000, 0x0000000745580000, 0x0000000795580000)
  object space 87552K, 4% used [0x0000000740000000,0x0000000740418980,0x0000000745580000)
 Metaspace       used 20570K, capacity 20763K, committed 21120K, reserved 1069056K
  class space    used 2036K, capacity 2112K, committed 2176K, reserved 1048576K
Event: 8.899 GC heap after
Heap after GC invocations=3 (full 0):
 PSYoungGen      total 38400K, used 5117K [0x0000000795580000, 0x0000000798000000, 0x00000007c0000000)
  eden space 33280K, 0% used [0x0000000795580000,0x0000000795580000,0x0000000797600000)
  from space 5120K, 99% used [0x0000000797600000,0x0000000797aff430,0x0000000797b00000)
  to   space 5120K, 0% used [0x0000000797b00000,0x0000000797b00000,0x0000000798000000)
 ParOldGen       total 87552K, used 11402K [0x0000000740000000, 0x0000000745580000, 0x0000000795580000)
  object space 87552K, 13% used [0x0000000740000000,0x0000000740b22b18,0x0000000745580000)
 Metaspace       used 20570K, capacity 20763K, committed 21120K, reserved 1069056K
  class space    used 2036K, capacity 2112K, committed 2176K, reserved 1048576K
}

Deoptimization events (10 events):
Event: 2.874 Thread 0x00007ff56ab4e800 Uncommon trap: reason=unstable_if action=reinterpret pc=0x0000000108a79b3c method=sun.misc.FloatingDecimal.readJavaFormatString(Ljava/lang/String;)Lsun/misc/FloatingDecimal$ASCIIToBinaryConverter; @ 445
Event: 3.035 Thread 0x00007ff56a9fe800 Uncommon trap: reason=class_check action=maybe_recompile pc=0x0000000108a86a10 method=java.util.Arrays.copyOf([Ljava/lang/Object;ILjava/lang/Class;)[Ljava/lang/Object; @ 24
Event: 3.154 Thread 0x00007ff56ab4e800 Uncommon trap: reason=class_check action=maybe_recompile pc=0x0000000108a86a10 method=java.util.Arrays.copyOf([Ljava/lang/Object;ILjava/lang/Class;)[Ljava/lang/Object; @ 24
Event: 3.173 Thread 0x00007ff56ab4e800 Uncommon trap: reason=unstable_if action=reinterpret pc=0x0000000108a5f3d0 method=java.lang.String.trim()Ljava/lang/String; @ 23
Event: 3.256 Thread 0x00007ff5699b1000 Uncommon trap: reason=unstable_if action=reinterpret pc=0x0000000108aa8c94 method=java.lang.String.regionMatches(ZILjava/lang/String;II)Z @ 123
Event: 3.481 Thread 0x00007ff56ab4e800 Uncommon trap: reason=class_check action=maybe_recompile pc=0x0000000108a86a10 method=java.util.Arrays.copyOf([Ljava/lang/Object;ILjava/lang/Class;)[Ljava/lang/Object; @ 24
Event: 4.131 Thread 0x00007ff56ab4e800 Uncommon trap: reason=class_check action=maybe_recompile pc=0x0000000108a86a10 method=java.util.Arrays.copyOf([Ljava/lang/Object;ILjava/lang/Class;)[Ljava/lang/Object; @ 24
Event: 9.023 Thread 0x00007ff56ab4e800 Uncommon trap: reason=unstable_if action=reinterpret pc=0x0000000108e03928 method=com.jogamp.common.util.VersionNumber.compareTo(Lcom/jogamp/common/util/VersionNumber;)I @ 21
Event: 9.171 Thread 0x00007ff56a16a000 Uncommon trap: reason=unstable_if action=reinterpret pc=0x0000000108b4ebe8 method=java.util.HashMap.putVal(ILjava/lang/Object;Ljava/lang/Object;ZZ)Ljava/lang/Object; @ 81
Event: 9.171 Thread 0x00007ff56a16a000 Uncommon trap: reason=unstable_if action=reinterpret pc=0x0000000108b3bdf4 method=java.util.HashMap.putVal(ILjava/lang/Object;Ljava/lang/Object;ZZ)Ljava/lang/Object; @ 81

Internal exceptions (10 events):
Event: 0.148 Thread 0x00007ff56b001800 Exception <a 'java/lang/NoSuchFieldError': method resolution failed> (0x0000000795879e28) thrown at [/Users/java_re/workspace/8-2-build-macosx-x86_64/jdk8u60/4407/hotspot/src/share/vm/prims/methodHandles.cpp, line 1146]
Event: 0.150 Thread 0x00007ff56b001800 Exception <a 'java/lang/NoSuchFieldError': method resolution failed> (0x00000007958875f8) thrown at [/Users/java_re/workspace/8-2-build-macosx-x86_64/jdk8u60/4407/hotspot/src/share/vm/prims/methodHandles.cpp, line 1146]
Event: 0.275 Thread 0x00007ff56b001800 Exception <a 'java/io/FileNotFoundException'> (0x0000000795904dc0) thrown at [/Users/java_re/workspace/8-2-build-macosx-x86_64/jdk8u60/4407/hotspot/src/share/vm/prims/jni.cpp, line 709]
Event: 0.275 Thread 0x00007ff56b001800 Exception <a 'java/io/FileNotFoundException'> (0x0000000795905968) thrown at [/Users/java_re/workspace/8-2-build-macosx-x86_64/jdk8u60/4407/hotspot/src/share/vm/prims/jni.cpp, line 709]
Event: 0.356 Thread 0x00007ff56b001800 Exception <a 'java/io/FileNotFoundException'> (0x0000000795a462d8) thrown at [/Users/java_re/workspace/8-2-build-macosx-x86_64/jdk8u60/4407/hotspot/src/share/vm/prims/jni.cpp, line 709]
Event: 1.760 Thread 0x00007ff56ab51000 Exception <a 'java/lang/UnsatisfiedLinkError': com.jogamp.common.util.JarUtil.fixNativeLibAttribs(Ljava/lang/String;)Z> (0x0000000796cd8a70) thrown at [/Users/java_re/workspace/8-2-build-macosx-x86_64/jdk8u60/4407/hotspot/src/share/vm/prims/nativeLookup.c
Event: 1.973 Thread 0x00007ff569833000 Exception <a 'java/lang/NullPointerException'> (0x00000007956a5068) thrown at [/Users/java_re/workspace/8-2-build-macosx-x86_64/jdk8u60/4407/hotspot/src/share/vm/interpreter/linkResolver.cpp, line 1178]
Event: 2.567 Thread 0x00007ff56ab4e800 Exception <a 'java/io/FileNotFoundException'> (0x00000007961d7908) thrown at [/Users/java_re/workspace/8-2-build-macosx-x86_64/jdk8u60/4407/hotspot/src/share/vm/prims/jni.cpp, line 709]
Event: 2.567 Thread 0x00007ff56ab4e800 Exception <a 'java/io/FileNotFoundException'> (0x00000007961df540) thrown at [/Users/java_re/workspace/8-2-build-macosx-x86_64/jdk8u60/4407/hotspot/src/share/vm/prims/jni.cpp, line 709]
Event: 2.567 Thread 0x00007ff56ab4e800 Implicit null exception at 0x000000010884aff3 to 0x000000010884b3ad

Events (10 events):
Event: 9.178 loading class jogamp/nativewindow/jawt/macosx/MacOSXJAWTWindow$1 done
Event: 9.180 loading class java/awt/LightweightDispatcher$2
Event: 9.180 loading class java/awt/LightweightDispatcher$2 done
Event: 9.180 loading class java/awt/event/AWTEventListenerProxy
Event: 9.180 loading class java/awt/event/AWTEventListenerProxy done
Event: 9.180 loading class java/awt/Toolkit$ToolkitEventMulticaster
Event: 9.180 loading class java/awt/Toolkit$ToolkitEventMulticaster done
Event: 9.180 Thread 0x00007ff56a16a000 Thread exited: 0x00007ff56a16a000
Event: 9.181 loading class java/awt/Window$1DisposeAction
Event: 9.181 loading class java/awt/Window$1DisposeAction done


Dynamic libraries:
0x0000000007e50000 	/System/Library/Frameworks/Cocoa.framework/Versions/A/Cocoa
0x0000000007e50000 	/System/Library/Frameworks/Security.framework/Versions/A/Security
0x0000000007e50000 	/System/Library/Frameworks/ApplicationServices.framework/Versions/A/ApplicationServices
0x0000000007e50000 	/usr/lib/libz.1.dylib
0x0000000007e50000 	/usr/lib/libSystem.B.dylib
0x0000000007e50000 	/usr/lib/libobjc.A.dylib
0x0000000007e50000 	/System/Library/Frameworks/CoreFoundation.framework/Versions/A/CoreFoundation
0x0000000007e50000 	/System/Library/Frameworks/Foundation.framework/Versions/C/Foundation
0x0000000007e50000 	/System/Library/Frameworks/AppKit.framework/Versions/C/AppKit
0x0000000007e50000 	/System/Library/Frameworks/CoreData.framework/Versions/A/CoreData
0x0000000007e50000 	/System/Library/PrivateFrameworks/RemoteViewServices.framework/Versions/A/RemoteViewServices
0x0000000007e50000 	/System/Library/PrivateFrameworks/UIFoundation.framework/Versions/A/UIFoundation
0x0000000007e50000 	/System/Library/Frameworks/IOSurface.framework/Versions/A/IOSurface
0x0000000007e50000 	/System/Library/Frameworks/AudioToolbox.framework/Versions/A/AudioToolbox
0x0000000007e50000 	/System/Library/Frameworks/AudioUnit.framework/Versions/A/AudioUnit
0x0000000007e50000 	/System/Library/PrivateFrameworks/DataDetectorsCore.framework/Versions/A/DataDetectorsCore
0x0000000007e50000 	/System/Library/PrivateFrameworks/DesktopServicesPriv.framework/Versions/A/DesktopServicesPriv
0x0000000007e50000 	/System/Library/Frameworks/Carbon.framework/Versions/A/Frameworks/HIToolbox.framework/Versions/A/HIToolbox
0x0000000007e50000 	/System/Library/Frameworks/QuartzCore.framework/Versions/A/QuartzCore
0x0000000007e50000 	/System/Library/Frameworks/Carbon.framework/Versions/A/Frameworks/SpeechRecognition.framework/Versions/A/SpeechRecognition
0x0000000007e50000 	/usr/lib/libauto.dylib
0x0000000007e50000 	/usr/lib/libicucore.A.dylib
0x0000000007e50000 	/usr/lib/libxml2.2.dylib
0x0000000007e50000 	/System/Library/PrivateFrameworks/CoreUI.framework/Versions/A/CoreUI
0x0000000007e50000 	/System/Library/Frameworks/CoreAudio.framework/Versions/A/CoreAudio
0x0000000007e50000 	/System/Library/Frameworks/DiskArbitration.framework/Versions/A/DiskArbitration
0x0000000007e50000 	/usr/lib/liblangid.dylib
0x0000000007e50000 	/System/Library/PrivateFrameworks/MultitouchSupport.framework/Versions/A/MultitouchSupport
0x0000000007e50000 	/System/Library/Frameworks/IOKit.framework/Versions/A/IOKit
0x0000000007e50000 	/usr/lib/libDiagnosticMessagesClient.dylib
0x0000000007e50000 	/System/Library/Frameworks/CoreServices.framework/Versions/A/CoreServices
0x0000000007e50000 	/System/Library/PrivateFrameworks/PerformanceAnalysis.framework/Versions/A/PerformanceAnalysis
0x0000000007e50000 	/System/Library/PrivateFrameworks/GenerationalStorage.framework/Versions/A/GenerationalStorage
0x0000000007e50000 	/System/Library/Frameworks/OpenGL.framework/Versions/A/OpenGL
0x0000000007e50000 	/System/Library/PrivateFrameworks/Sharing.framework/Versions/A/Sharing
0x0000000007e50000 	/System/Library/Frameworks/CoreGraphics.framework/Versions/A/CoreGraphics
0x0000000007e50000 	/System/Library/Frameworks/CoreText.framework/Versions/A/CoreText
0x0000000007e50000 	/System/Library/Frameworks/ImageIO.framework/Versions/A/ImageIO
0x0000000007e50000 	/usr/lib/libextension.dylib
0x0000000007e50000 	/System/Library/PrivateFrameworks/Backup.framework/Versions/A/Backup
0x0000000007e50000 	/usr/lib/libarchive.2.dylib
0x0000000007e50000 	/System/Library/Frameworks/CFNetwork.framework/Versions/A/CFNetwork
0x0000000007e50000 	/System/Library/Frameworks/SystemConfiguration.framework/Versions/A/SystemConfiguration
0x0000000007e50000 	/usr/lib/libCRFSuite.dylib
0x0000000007e50000 	/usr/lib/libc++.1.dylib
0x0000000007e50000 	/usr/lib/libc++abi.dylib
0x0000000007e50000 	/usr/lib/system/libcache.dylib
0x0000000007e50000 	/usr/lib/system/libcommonCrypto.dylib
0x0000000007e50000 	/usr/lib/system/libcompiler_rt.dylib
0x0000000007e50000 	/usr/lib/system/libcopyfile.dylib
0x0000000007e50000 	/usr/lib/system/libcorecrypto.dylib
0x0000000007e50000 	/usr/lib/system/libdispatch.dylib
0x0000000007e50000 	/usr/lib/system/libdyld.dylib
0x0000000007e50000 	/usr/lib/system/libkeymgr.dylib
0x0000000007e50000 	/usr/lib/system/liblaunch.dylib
0x0000000007e50000 	/usr/lib/system/libmacho.dylib
0x0000000007e50000 	/usr/lib/system/libquarantine.dylib
0x0000000007e50000 	/usr/lib/system/libremovefile.dylib
0x0000000007e50000 	/usr/lib/system/libsystem_asl.dylib
0x0000000007e50000 	/usr/lib/system/libsystem_blocks.dylib
0x0000000007e50000 	/usr/lib/system/libsystem_c.dylib
0x0000000007e50000 	/usr/lib/system/libsystem_configuration.dylib
0x0000000007e50000 	/usr/lib/system/libsystem_coreservices.dylib
0x0000000007e50000 	/usr/lib/system/libsystem_coretls.dylib
0x0000000007e50000 	/usr/lib/system/libsystem_dnssd.dylib
0x0000000007e50000 	/usr/lib/system/libsystem_info.dylib
0x0000000007e50000 	/usr/lib/system/libsystem_kernel.dylib
0x0000000007e50000 	/usr/lib/system/libsystem_m.dylib
0x0000000007e50000 	/usr/lib/system/libsystem_malloc.dylib
0x0000000007e50000 	/usr/lib/system/libsystem_network.dylib
0x0000000007e50000 	/usr/lib/system/libsystem_networkextension.dylib
0x0000000007e50000 	/usr/lib/system/libsystem_notify.dylib
0x0000000007e50000 	/usr/lib/system/libsystem_platform.dylib
0x0000000007e50000 	/usr/lib/system/libsystem_pthread.dylib
0x0000000007e50000 	/usr/lib/system/libsystem_sandbox.dylib
0x0000000007e50000 	/usr/lib/system/libsystem_secinit.dylib
0x0000000007e50000 	/usr/lib/system/libsystem_stats.dylib
0x0000000007e50000 	/usr/lib/system/libsystem_trace.dylib
0x0000000007e50000 	/usr/lib/system/libunc.dylib
0x0000000007e50000 	/usr/lib/system/libunwind.dylib
0x0000000007e50000 	/usr/lib/system/libxpc.dylib
0x0000000007e50000 	/usr/lib/libbz2.1.0.dylib
0x0000000007e50000 	/usr/lib/liblzma.5.dylib
0x0000000007e50000 	/usr/lib/libbsm.0.dylib
0x0000000007e50000 	/usr/lib/libsqlite3.dylib
0x0000000007e50000 	/usr/lib/system/libkxld.dylib
0x0000000007e50000 	/usr/lib/libxar.1.dylib
0x0000000007e50000 	/usr/lib/libpam.2.dylib
0x0000000007e50000 	/usr/lib/libOpenScriptingUtil.dylib
0x0000000007e50000 	/System/Library/Frameworks/CoreServices.framework/Versions/A/Frameworks/FSEvents.framework/Versions/A/FSEvents
0x0000000007e50000 	/System/Library/Frameworks/CoreServices.framework/Versions/A/Frameworks/CarbonCore.framework/Versions/A/CarbonCore
0x0000000007e50000 	/System/Library/Frameworks/CoreServices.framework/Versions/A/Frameworks/Metadata.framework/Versions/A/Metadata
0x0000000007e50000 	/System/Library/Frameworks/CoreServices.framework/Versions/A/Frameworks/OSServices.framework/Versions/A/OSServices
0x0000000007e50000 	/System/Library/Frameworks/CoreServices.framework/Versions/A/Frameworks/SearchKit.framework/Versions/A/SearchKit
0x0000000007e50000 	/System/Library/Frameworks/CoreServices.framework/Versions/A/Frameworks/AE.framework/Versions/A/AE
0x0000000007e50000 	/System/Library/Frameworks/CoreServices.framework/Versions/A/Frameworks/LaunchServices.framework/Versions/A/LaunchServices
0x0000000007e50000 	/System/Library/Frameworks/CoreServices.framework/Versions/A/Frameworks/DictionaryServices.framework/Versions/A/DictionaryServices
0x0000000007e50000 	/System/Library/Frameworks/NetFS.framework/Versions/A/NetFS
0x0000000007e50000 	/System/Library/PrivateFrameworks/NetAuth.framework/Versions/A/NetAuth
0x0000000007e50000 	/System/Library/PrivateFrameworks/login.framework/Versions/A/Frameworks/loginsupport.framework/Versions/A/loginsupport
0x0000000007e50000 	/System/Library/PrivateFrameworks/TCC.framework/Versions/A/TCC
0x0000000007e50000 	/usr/lib/libmecabra.dylib
0x0000000007e50000 	/System/Library/PrivateFrameworks/LanguageModeling.framework/Versions/A/LanguageModeling
0x0000000007e50000 	/usr/lib/libcmph.dylib
0x0000000007e50000 	/usr/lib/libiconv.2.dylib
0x0000000007e50000 	/System/Library/Frameworks/OpenDirectory.framework/Versions/A/Frameworks/CFOpenDirectory.framework/Versions/A/CFOpenDirectory
0x0000000007e50000 	/System/Library/Frameworks/ServiceManagement.framework/Versions/A/ServiceManagement
0x0000000007e50000 	/usr/lib/libxslt.1.dylib
0x0000000007e50000 	/System/Library/Frameworks/Carbon.framework/Versions/A/Frameworks/Ink.framework/Versions/A/Ink
0x0000000007e50000 	/System/Library/Frameworks/ApplicationServices.framework/Versions/A/Frameworks/ATS.framework/Versions/A/ATS
0x0000000007e50000 	/System/Library/Frameworks/ApplicationServices.framework/Versions/A/Frameworks/ColorSync.framework/Versions/A/ColorSync
0x0000000007e50000 	/System/Library/Frameworks/ApplicationServices.framework/Versions/A/Frameworks/HIServices.framework/Versions/A/HIServices
0x0000000007e50000 	/System/Library/Frameworks/ApplicationServices.framework/Versions/A/Frameworks/LangAnalysis.framework/Versions/A/LangAnalysis
0x0000000007e50000 	/System/Library/Frameworks/ApplicationServices.framework/Versions/A/Frameworks/PrintCore.framework/Versions/A/PrintCore
0x0000000007e50000 	/System/Library/Frameworks/ApplicationServices.framework/Versions/A/Frameworks/QD.framework/Versions/A/QD
0x0000000007e50000 	/System/Library/Frameworks/ApplicationServices.framework/Versions/A/Frameworks/SpeechSynthesis.framework/Versions/A/SpeechSynthesis
0x0000000007e50000 	/System/Library/Frameworks/Accelerate.framework/Versions/A/Accelerate
0x0000000007e50000 	/System/Library/Frameworks/Accelerate.framework/Versions/A/Frameworks/vImage.framework/Versions/A/vImage
0x0000000007e50000 	/System/Library/Frameworks/Accelerate.framework/Versions/A/Frameworks/vecLib.framework/Versions/A/vecLib
0x0000000007e50000 	/System/Library/Frameworks/Accelerate.framework/Versions/A/Frameworks/vecLib.framework/Versions/A/libvDSP.dylib
0x0000000007e50000 	/System/Library/Frameworks/Accelerate.framework/Versions/A/Frameworks/vecLib.framework/Versions/A/libvMisc.dylib
0x0000000007e50000 	/System/Library/Frameworks/Accelerate.framework/Versions/A/Frameworks/vecLib.framework/Versions/A/libLAPACK.dylib
0x0000000007e50000 	/System/Library/Frameworks/Accelerate.framework/Versions/A/Frameworks/vecLib.framework/Versions/A/libBLAS.dylib
0x0000000007e50000 	/System/Library/Frameworks/Accelerate.framework/Versions/A/Frameworks/vecLib.framework/Versions/A/libLinearAlgebra.dylib
0x0000000007e50000 	/System/Library/Frameworks/ApplicationServices.framework/Versions/A/Frameworks/ATS.framework/Versions/A/Resources/libFontParser.dylib
0x0000000007e50000 	/System/Library/Frameworks/ApplicationServices.framework/Versions/A/Frameworks/ATS.framework/Versions/A/Resources/libFontRegistry.dylib
0x0000000007e50000 	/System/Library/PrivateFrameworks/AppleVPA.framework/Versions/A/AppleVPA
0x0000000007e50000 	/System/Library/PrivateFrameworks/AppleJPEG.framework/Versions/A/AppleJPEG
0x0000000007e50000 	/System/Library/Frameworks/ImageIO.framework/Versions/A/Resources/libJPEG.dylib
0x0000000007e50000 	/System/Library/Frameworks/ImageIO.framework/Versions/A/Resources/libTIFF.dylib
0x0000000007e50000 	/System/Library/Frameworks/ImageIO.framework/Versions/A/Resources/libPng.dylib
0x0000000007e50000 	/System/Library/Frameworks/ImageIO.framework/Versions/A/Resources/libGIF.dylib
0x0000000007e50000 	/System/Library/Frameworks/ImageIO.framework/Versions/A/Resources/libJP2.dylib
0x0000000007e50000 	/System/Library/Frameworks/ImageIO.framework/Versions/A/Resources/libRadiance.dylib
0x0000000007e50000 	/System/Library/Frameworks/CoreVideo.framework/Versions/A/CoreVideo
0x0000000007e50000 	/System/Library/Frameworks/OpenGL.framework/Versions/A/Libraries/libGLU.dylib
0x0000000007e50000 	/System/Library/Frameworks/OpenGL.framework/Versions/A/Libraries/libGFXShared.dylib
0x0000000007e50000 	/System/Library/Frameworks/OpenGL.framework/Versions/A/Libraries/libGL.dylib
0x0000000007e50000 	/System/Library/Frameworks/OpenGL.framework/Versions/A/Libraries/libGLImage.dylib
0x0000000007e50000 	/System/Library/Frameworks/OpenGL.framework/Versions/A/Libraries/libCVMSPluginSupport.dylib
0x0000000007e50000 	/System/Library/Frameworks/OpenGL.framework/Versions/A/Libraries/libCoreVMClient.dylib
0x0000000007e50000 	/usr/lib/libcups.2.dylib
0x0000000007e50000 	/System/Library/Frameworks/Kerberos.framework/Versions/A/Kerberos
0x0000000007e50000 	/System/Library/Frameworks/GSS.framework/Versions/A/GSS
0x0000000007e50000 	/usr/lib/libresolv.9.dylib
0x0000000007e50000 	/System/Library/PrivateFrameworks/Heimdal.framework/Versions/A/Heimdal
0x0000000007e50000 	/usr/lib/libheimdal-asn1.dylib
0x0000000007e50000 	/System/Library/Frameworks/OpenDirectory.framework/Versions/A/OpenDirectory
0x0000000007e50000 	/System/Library/PrivateFrameworks/CommonAuth.framework/Versions/A/CommonAuth
0x0000000007e50000 	/System/Library/Frameworks/SecurityFoundation.framework/Versions/A/SecurityFoundation
0x0000000007e50000 	/System/Library/Frameworks/QuartzCore.framework/Versions/A/Frameworks/CoreImage.framework/Versions/A/CoreImage
0x0000000007e50000 	/System/Library/PrivateFrameworks/CrashReporterSupport.framework/Versions/A/CrashReporterSupport
0x0000000007e50000 	/System/Library/Frameworks/OpenCL.framework/Versions/A/OpenCL
0x0000000007e50000 	/System/Library/PrivateFrameworks/FaceCore.framework/Versions/A/FaceCore
0x0000000007e50000 	/System/Library/PrivateFrameworks/Ubiquity.framework/Versions/A/Ubiquity
0x0000000007e50000 	/System/Library/PrivateFrameworks/IconServices.framework/Versions/A/IconServices
0x0000000007e50000 	/System/Library/PrivateFrameworks/ChunkingLibrary.framework/Versions/A/ChunkingLibrary
0x0000000007e50000 	/System/Library/PrivateFrameworks/Apple80211.framework/Versions/A/Apple80211
0x0000000007e50000 	/System/Library/Frameworks/CoreWLAN.framework/Versions/A/CoreWLAN
0x0000000007e50000 	/System/Library/Frameworks/IOBluetooth.framework/Versions/A/IOBluetooth
0x0000000007e50000 	/System/Library/PrivateFrameworks/CoreWiFi.framework/Versions/A/CoreWiFi
0x0000000007e50000 	/System/Library/Frameworks/CoreBluetooth.framework/Versions/A/CoreBluetooth
0x0000000007e50000 	/System/Library/PrivateFrameworks/DebugSymbols.framework/Versions/A/DebugSymbols
0x0000000007e50000 	/System/Library/PrivateFrameworks/CoreSymbolication.framework/Versions/A/CoreSymbolication
0x0000000007e50000 	/System/Library/PrivateFrameworks/Symbolication.framework/Versions/A/Symbolication
0x0000000007e50000 	/System/Library/PrivateFrameworks/SpeechRecognitionCore.framework/Versions/A/SpeechRecognitionCore
0x0000000107600000 	/Library/Java/JavaVirtualMachines/jdk1.8.0_60.jdk/Contents/Home/jre/lib/server/libjvm.dylib
0x0000000007e50000 	/usr/lib/libstdc++.6.dylib
0x0000000106dab000 	/Library/Java/JavaVirtualMachines/jdk1.8.0_60.jdk/Contents/Home/jre/lib/libverify.dylib
0x0000000106db9000 	/Library/Java/JavaVirtualMachines/jdk1.8.0_60.jdk/Contents/Home/jre/lib/libjava.dylib
0x000000010868c000 	/Library/Java/JavaVirtualMachines/jdk1.8.0_60.jdk/Contents/Home/jre/lib/libzip.dylib
0x000000011e70c000 	/System/Library/Frameworks/JavaVM.framework/Frameworks/JavaRuntimeSupport.framework/JavaRuntimeSupport
0x000000011e724000 	/System/Library/Frameworks/JavaVM.framework/Versions/A/Frameworks/JavaNativeFoundation.framework/Versions/A/JavaNativeFoundation
0x000000011e739000 	/System/Library/Frameworks/JavaVM.framework/Versions/A/JavaVM
0x0000000007e50000 	/System/Library/Frameworks/Carbon.framework/Versions/A/Carbon
0x000000011e746000 	/System/Library/PrivateFrameworks/JavaLaunching.framework/Versions/A/JavaLaunching
0x0000000007e50000 	/System/Library/Frameworks/Carbon.framework/Versions/A/Frameworks/CommonPanels.framework/Versions/A/CommonPanels
0x0000000007e50000 	/System/Library/Frameworks/Carbon.framework/Versions/A/Frameworks/Help.framework/Versions/A/Help
0x0000000007e50000 	/System/Library/Frameworks/Carbon.framework/Versions/A/Frameworks/ImageCapture.framework/Versions/A/ImageCapture
0x0000000007e50000 	/System/Library/Frameworks/Carbon.framework/Versions/A/Frameworks/OpenScripting.framework/Versions/A/OpenScripting
0x0000000007e50000 	/System/Library/Frameworks/Carbon.framework/Versions/A/Frameworks/Print.framework/Versions/A/Print
0x0000000007e50000 	/System/Library/Frameworks/Carbon.framework/Versions/A/Frameworks/SecurityHI.framework/Versions/A/SecurityHI
0x000000012059a000 	/Library/Java/JavaVirtualMachines/jdk1.8.0_60.jdk/Contents/Home/jre/lib/libawt.dylib
0x0000000120642000 	/Library/Java/JavaVirtualMachines/jdk1.8.0_60.jdk/Contents/Home/jre/lib/./libmlib_image.dylib
0x000000012070e000 	/Library/Java/JavaVirtualMachines/jdk1.8.0_60.jdk/Contents/Home/jre/lib/libawt_lwawt.dylib
0x00000001207c3000 	/Library/Java/JavaVirtualMachines/jdk1.8.0_60.jdk/Contents/Home/jre/lib/./libosxapp.dylib
0x0000000007e50000 	/System/Library/Frameworks/ExceptionHandling.framework/Versions/A/ExceptionHandling
0x0000000007e50000 	/System/Library/PrivateFrameworks/CoreServicesInternal.framework/Versions/A/CoreServicesInternal
0x0000000007e50000 	/System/Library/PrivateFrameworks/CloudDocs.framework/Versions/A/CloudDocs
0x0000000007e50000 	/System/Library/PrivateFrameworks/CoreDuet.framework/Versions/A/CoreDuet
0x0000000007e50000 	/System/Library/Frameworks/CloudKit.framework/Versions/A/CloudKit
0x0000000007e50000 	/System/Library/PrivateFrameworks/ProtocolBuffer.framework/Versions/A/ProtocolBuffer
0x0000000007e50000 	/System/Library/PrivateFrameworks/CoreDuetDaemonProtocol.framework/Versions/A/CoreDuetDaemonProtocol
0x0000000007e50000 	/System/Library/PrivateFrameworks/CoreDuetDebugLogging.framework/Versions/A/CoreDuetDebugLogging
0x0000000007e50000 	/System/Library/Frameworks/CoreLocation.framework/Versions/A/CoreLocation
0x0000000007e50000 	/System/Library/Frameworks/Accounts.framework/Versions/A/Accounts
0x0000000007e50000 	/System/Library/PrivateFrameworks/ApplePushService.framework/Versions/A/ApplePushService
0x0000000007e50000 	/System/Library/PrivateFrameworks/GeoServices.framework/Versions/A/GeoServices
0x0000000007e50000 	/System/Library/PrivateFrameworks/OAuth.framework/Versions/A/OAuth
0x0000000007e50000 	/System/Library/PrivateFrameworks/CoreDaemon.framework/Versions/B/CoreDaemon
0x0000000007e50000 	/usr/lib/libcrypto.0.9.8.dylib
0x0000000007e50000 	/System/Library/PrivateFrameworks/AppleSRP.framework/Versions/A/AppleSRP
0x0000000007e50000 	/System/Library/PrivateFrameworks/TrustEvaluationAgent.framework/Versions/A/TrustEvaluationAgent
0x0000000007e50000 	/System/Library/Frameworks/CoreGraphics.framework/Versions/A/Resources/libCGCMS.A.dylib
0x0000000007e50000 	/System/Library/Frameworks/CoreGraphics.framework/Versions/A/Resources/libRIP.A.dylib
0x0000000007e50000 	/System/Library/Frameworks/CoreGraphics.framework/Versions/A/Resources/libCGXType.A.dylib
0x0000000007e50000 	/System/Library/Frameworks/OpenCL.framework/Versions/A/Libraries/libcldcpuengine.dylib
0x0000000007e50000 	/System/Library/PrivateFrameworks/DiskImages.framework/Versions/A/DiskImages
0x0000000007e50000 	/System/Library/Frameworks/DiscRecording.framework/Versions/A/DiscRecording
0x0000000007e50000 	/usr/lib/libcsfde.dylib
0x0000000007e50000 	/usr/lib/libcurl.4.dylib
0x0000000007e50000 	/System/Library/PrivateFrameworks/MediaKit.framework/Versions/A/MediaKit
0x0000000007e50000 	/System/Library/PrivateFrameworks/ProtectedCloudStorage.framework/Versions/A/ProtectedCloudStorage
0x0000000007e50000 	/usr/lib/libCoreStorage.dylib
0x0000000007e50000 	/System/Library/PrivateFrameworks/EFILogin.framework/Versions/A/EFILogin
0x0000000007e50000 	/usr/lib/libutil.dylib
0x0000000007e50000 	/System/Library/PrivateFrameworks/FindMyDevice.framework/Versions/A/FindMyDevice
0x0000000007e50000 	/System/Library/Frameworks/LDAP.framework/Versions/A/LDAP
0x0000000007e50000 	/usr/lib/libsasl2.2.dylib
0x0000000123301000 	cl_kernels
0x0000000123303000 	/System/Library/Frameworks/OpenCL.framework/Versions/A/Libraries/ImageFormats/unorm8_bgra.dylib
0x00000001232f2000 	cl_kernels
0x0000000007e50000 	/System/Library/PrivateFrameworks/FamilyControls.framework/Versions/A/FamilyControls
0x0000000007e50000 	/System/Library/PrivateFrameworks/CommerceKit.framework/Versions/A/Frameworks/CommerceCore.framework/Versions/A/CommerceCore
0x0000000007e50000 	/System/Library/PrivateFrameworks/SystemAdministration.framework/Versions/A/SystemAdministration
0x0000000007e50000 	/System/Library/PrivateFrameworks/AppContainer.framework/Versions/A/AppContainer
0x0000000007e50000 	/System/Library/PrivateFrameworks/SecCodeWrapper.framework/Versions/A/SecCodeWrapper
0x0000000007e50000 	/System/Library/Frameworks/DirectoryService.framework/Versions/A/DirectoryService
0x0000000007e50000 	/System/Library/PrivateFrameworks/LoginUIKit.framework/Versions/A/Frameworks/LoginUICore.framework/Versions/A/LoginUICore
0x0000000007e50000 	/usr/lib/libodfde.dylib
0x0000000007e50000 	/System/Library/Frameworks/OpenGL.framework/Versions/A/Resources/GLEngine.bundle/GLEngine
0x0000000007e50000 	/System/Library/Frameworks/OpenGL.framework/Versions/A/Libraries/libGLProgrammability.dylib
0x0000000000000000 	/System/Library/Extensions/AppleIntelHD4000GraphicsGLDriver.bundle/Contents/MacOS/AppleIntelHD4000GraphicsGLDriver
0x0000000007e50000 	/System/Library/PrivateFrameworks/IOAccelerator.framework/Versions/A/IOAccelerator
0x0000000007e50000 	/System/Library/PrivateFrameworks/GPUSupport.framework/Versions/A/Libraries/libGPUSupportMercury.dylib
0x0000000007e50000 	/System/Library/Frameworks/OpenGL.framework/Versions/A/Resources/GLRendererFloat.bundle/GLRendererFloat
0x0000000124ffd000 	/Library/Java/JavaVirtualMachines/jdk1.8.0_60.jdk/Contents/Home/jre/lib/libfontmanager.dylib
0x0000000126281000 	/Library/Java/JavaVirtualMachines/jdk1.8.0_60.jdk/Contents/Home/jre/lib/libosxui.dylib
0x0000000126344000 	/Library/Java/JavaVirtualMachines/jdk1.8.0_60.jdk/Contents/Home/jre/lib/libnet.dylib
0x0000000126586000 	/Library/Java/JavaVirtualMachines/jdk1.8.0_60.jdk/Contents/Home/jre/lib/libnio.dylib
0x0000000007e50000 	/System/Library/Frameworks/ApplicationServices.framework/Versions/A/Frameworks/ATS.framework/Versions/A/Resources/libTrueTypeScaler.dylib
0x0000000183f77000 	/private/var/folders/js/4p6c06092h52zfnndxrfpw5h0000gn/T/jogamp_0000/file_cache/jln3426654831100067085/jln5104063556844895832/libgluegen-rt.jnilib
0x0000000183f7b000 	/private/var/folders/js/4p6c06092h52zfnndxrfpw5h0000gn/T/jogamp_0000/file_cache/jln3426654831100067085/jln5104063556844895832/libnativewindow_awt.jnilib
0x0000000183f7e000 	/Library/Java/JavaVirtualMachines/jdk1.8.0_60.jdk/Contents/Home/jre/lib/libjawt.dylib
0x0000000183f81000 	/private/var/folders/js/4p6c06092h52zfnndxrfpw5h0000gn/T/jogamp_0000/file_cache/jln3426654831100067085/jln5104063556844895832/libnativewindow_macosx.jnilib
0x0000000185e73000 	/private/var/folders/js/4p6c06092h52zfnndxrfpw5h0000gn/T/jogamp_0000/file_cache/jln3426654831100067085/jln5104063556844895832/libjogl_desktop.jnilib
0x00000001875e4000 	/Library/Java/JavaVirtualMachines/jdk1.8.0_60.jdk/Contents/Home/jre/lib/libt2k.dylib

VM Arguments:
jvm_args: -Djava.security.policy=java.policy.applet -Dfile.encoding=UTF-8 
java_command: sun.applet.AppletViewer module4.EarthquakeCityMap1446178420551.html
java_class_path (initial): /Users/niranjhankantharaj/Documents/CourseEraUS2/UCSDUnfoldingMaps/build:/Users/niranjhankantharaj/Documents/CourseEraUS2/UCSDUnfoldingMaps/lib/core.jar:/Users/niranjhankantharaj/Documents/CourseEraUS2/UCSDUnfoldingMaps/lib/gluegen-rt.jar:/Users/niranjhankantharaj/Documents/CourseEraUS2/UCSDUnfoldingMaps/lib/jogl-all.jar:/Users/niranjhankantharaj/Documents/CourseEraUS2/UCSDUnfoldingMaps/lib/log4j-1.2.15.jar:/Users/niranjhankantharaj/Documents/CourseEraUS2/UCSDUnfoldingMaps/lib/sqlite-jdbc-3.7.2.jar:/Users/niranjhankantharaj/Documents/CourseEraUS2/UCSDUnfoldingMaps/lib/json4processing.jar:/Users/niranjhankantharaj/Documents/CourseEraUS2/UCSDUnfoldingMaps/lib/libTUIO.jar:/Users/niranjhankantharaj/Documents/CourseEraUS2/UCSDUnfoldingMaps/lib/unfolding.0.9.7-uscd.jar
Launcher Type: SUN_STANDARD

Environment Variables:
PATH=/usr/bin:/bin:/usr/sbin:/sbin
SHELL=/bin/bash

Signal Handlers:
SIGSEGV: [libjvm.dylib+0x5a6d31], sa_mask[0]=11111111011111110111111111111111, sa_flags=SA_ONSTACK|SA_RESTART|SA_SIGINFO
SIGBUS: [libjvm.dylib+0x5a6d31], sa_mask[0]=11111111011111110111111111111111, sa_flags=SA_RESTART|SA_SIGINFO
SIGFPE: [libjvm.dylib+0x480a4c], sa_mask[0]=11111111011111110111111111111111, sa_flags=SA_RESTART|SA_SIGINFO
SIGPIPE: [libjvm.dylib+0x480a4c], sa_mask[0]=11111111011111110111111111111111, sa_flags=SA_RESTART|SA_SIGINFO
SIGXFSZ: [libjvm.dylib+0x480a4c], sa_mask[0]=11111111011111110111111111111111, sa_flags=SA_RESTART|SA_SIGINFO
SIGILL: [libjvm.dylib+0x480a4c], sa_mask[0]=11111111011111110111111111111111, sa_flags=SA_RESTART|SA_SIGINFO
SIGUSR1: SIG_DFL, sa_mask[0]=00000000000000000000000000000000, sa_flags=none
SIGUSR2: [libjvm.dylib+0x48056a], sa_mask[0]=00100000000000000000000000000000, sa_flags=SA_RESTART|SA_SIGINFO
SIGHUP: [libjvm.dylib+0x47eb41], sa_mask[0]=11111111011111110111111111111111, sa_flags=SA_RESTART|SA_SIGINFO
SIGINT: [libjvm.dylib+0x47eb41], sa_mask[0]=11111111011111110111111111111111, sa_flags=SA_RESTART|SA_SIGINFO
SIGTERM: [libjvm.dylib+0x47eb41], sa_mask[0]=11111111011111110111111111111111, sa_flags=SA_RESTART|SA_SIGINFO
SIGQUIT: [libjvm.dylib+0x47eb41], sa_mask[0]=11111111011111110111111111111111, sa_flags=SA_RESTART|SA_SIGINFO


---------------  S Y S T E M  ---------------

OS:Bsduname:Darwin 14.0.0 Darwin Kernel Version 14.0.0: Fri Sep 19 00:26:44 PDT 2014; root:xnu-2782.1.97~2/RELEASE_X86_64 x86_64
rlimit: STACK 8192k, CORE 0k, NPROC 709, NOFILE 10240, AS infinity
load average:1.14 1.48 1.49

CPU:total 4 (2 cores per cpu, 2 threads per core) family 6 model 58 stepping 9, cmov, cx8, fxsr, mmx, sse, sse2, sse3, ssse3, sse4.1, sse4.2, popcnt, avx, aes, clmul, erms, ht, tsc, tscinvbit, tscinv

Memory: 4k page, physical 8388608k(1431896k free)

/proc/meminfo:


vm_info: Java HotSpot(TM) 64-Bit Server VM (25.60-b23) for bsd-amd64 JRE (1.8.0_60-b27), built on Aug  4 2015 10:47:24 by "java_re" with gcc 4.2.1 (Based on Apple Inc. build 5658) (LLVM build 2336.11.00)

time: Fri Oct 30 00:13:49 2015
elapsed time: 9 seconds (0d 0h 0m 9s)

